DEB [20141118-15:39:27.453] thr=1   paramiko.transport: starting thread (client mode): 0x1834d30L
INF [20141118-15:39:27.467] thr=1   paramiko.transport: Connected (version 2.0, client OpenSSH_5.3)
DEB [20141118-15:39:27.467] thr=1   paramiko.transport: kex algos:[u'diffie-hellman-group-exchange-sha256', u'diffie-hellman-group-exchange-sha1', u'diffie-hellman-group14-sha1', u'diffie-hellman-group1-sha1'] server key:[u'ssh-rsa', u'ssh-dss'] client encrypt:[u'aes128-ctr', u'aes192-ctr', u'aes256-ctr', u'arcfour256', u'arcfour128', u'aes128-cbc', u'3des-cbc', u'blowfish-cbc', u'cast128-cbc', u'aes192-cbc', u'aes256-cbc', u'arcfour', u'rijndael-cbc@lysator.liu.se'] server encrypt:[u'aes128-ctr', u'aes192-ctr', u'aes256-ctr', u'arcfour256', u'arcfour128', u'aes128-cbc', u'3des-cbc', u'blowfish-cbc', u'cast128-cbc', u'aes192-cbc', u'aes256-cbc', u'arcfour', u'rijndael-cbc@lysator.liu.se'] client mac:[u'hmac-md5', u'hmac-sha1', u'umac-64@openssh.com', u'hmac-ripemd160', u'hmac-ripemd160@openssh.com', u'hmac-sha1-96', u'hmac-md5-96'] server mac:[u'hmac-md5', u'hmac-sha1', u'umac-64@openssh.com', u'hmac-ripemd160', u'hmac-ripemd160@openssh.com', u'hmac-sha1-96', u'hmac-md5-96'] client compress:[u'none', u'zlib@openssh.com'] server compress:[u'none', u'zlib@openssh.com'] client lang:[u''] server lang:[u''] kex follows?False
DEB [20141118-15:39:27.467] thr=1   paramiko.transport: Ciphers agreed: local=aes128-ctr, remote=aes128-ctr
DEB [20141118-15:39:27.467] thr=1   paramiko.transport: using kex diffie-hellman-group1-sha1; server key type ssh-rsa; cipher: local aes128-ctr, remote aes128-ctr; mac: local hmac-sha1, remote hmac-sha1; compression: local none, remote none
DEB [20141118-15:39:27.530] thr=1   paramiko.transport: Switch to new keys ...
DEB [20141118-15:39:27.562] thr=2   paramiko.transport: Adding ssh-rsa host key for 192.168.0.174: 90d8fa285d28306c6bccff55028afb60
DEB [20141118-15:39:27.578] thr=2   paramiko.transport: Trying discovered key 8418791280e1914400c26255d9fce828 in C:\Documents and Settings\yanjiajia/.ssh/id_rsa
DEB [20141118-15:39:27.592] thr=1   paramiko.transport: userauth is OK
INF [20141118-15:39:28.000] thr=1   paramiko.transport: Authentication (publickey) failed.
DEB [20141118-15:39:28.015] thr=1   paramiko.transport: userauth is OK
INF [20141118-15:39:28.046] thr=1   paramiko.transport: Authentication (password) successful!
DEB [20141118-15:39:28.046] thr=2   paramiko.transport: [chan 1] Max packet in: 34816 bytes
DEB [20141118-15:39:28.203] thr=1   paramiko.transport: [chan 1] Max packet out: 32768 bytes
INF [20141118-15:39:28.203] thr=1   paramiko.transport: Secsh channel 1 opened.
DEB [20141118-15:39:28.217] thr=1   paramiko.transport: [chan 1] Sesch channel 1 request ok
DEB [20141118-15:39:28.312] thr=1   paramiko.transport: [chan 1] EOF received (1)
DEB [20141118-15:39:28.312] thr=3   paramiko.transport: starting thread (client mode): 0x1855fb0L
INF [20141118-15:39:28.328] thr=3   paramiko.transport: Connected (version 2.0, client OpenSSH_5.3)
DEB [20141118-15:39:28.342] thr=3   paramiko.transport: kex algos:[u'diffie-hellman-group-exchange-sha256', u'diffie-hellman-group-exchange-sha1', u'diffie-hellman-group14-sha1', u'diffie-hellman-group1-sha1'] server key:[u'ssh-rsa', u'ssh-dss'] client encrypt:[u'aes128-ctr', u'aes192-ctr', u'aes256-ctr', u'arcfour256', u'arcfour128', u'aes128-cbc', u'3des-cbc', u'blowfish-cbc', u'cast128-cbc', u'aes192-cbc', u'aes256-cbc', u'arcfour', u'rijndael-cbc@lysator.liu.se'] server encrypt:[u'aes128-ctr', u'aes192-ctr', u'aes256-ctr', u'arcfour256', u'arcfour128', u'aes128-cbc', u'3des-cbc', u'blowfish-cbc', u'cast128-cbc', u'aes192-cbc', u'aes256-cbc', u'arcfour', u'rijndael-cbc@lysator.liu.se'] client mac:[u'hmac-md5', u'hmac-sha1', u'umac-64@openssh.com', u'hmac-ripemd160', u'hmac-ripemd160@openssh.com', u'hmac-sha1-96', u'hmac-md5-96'] server mac:[u'hmac-md5', u'hmac-sha1', u'umac-64@openssh.com', u'hmac-ripemd160', u'hmac-ripemd160@openssh.com', u'hmac-sha1-96', u'hmac-md5-96'] client compress:[u'none', u'zlib@openssh.com'] server compress:[u'none', u'zlib@openssh.com'] client lang:[u''] server lang:[u''] kex follows?False
DEB [20141118-15:39:28.342] thr=3   paramiko.transport: Ciphers agreed: local=aes128-ctr, remote=aes128-ctr
DEB [20141118-15:39:28.342] thr=3   paramiko.transport: using kex diffie-hellman-group1-sha1; server key type ssh-rsa; cipher: local aes128-ctr, remote aes128-ctr; mac: local hmac-sha1, remote hmac-sha1; compression: local none, remote none
DEB [20141118-15:39:28.405] thr=3   paramiko.transport: Switch to new keys ...
DEB [20141118-15:39:28.405] thr=2   paramiko.transport: Adding ssh-rsa host key for 192.168.0.174: 90d8fa285d28306c6bccff55028afb60
DEB [20141118-15:39:28.421] thr=2   paramiko.transport: Trying discovered key 8418791280e1914400c26255d9fce828 in C:\Documents and Settings\yanjiajia/.ssh/id_rsa
DEB [20141118-15:39:28.453] thr=3   paramiko.transport: userauth is OK
INF [20141118-15:39:28.796] thr=3   paramiko.transport: Authentication (publickey) failed.
DEB [20141118-15:39:28.796] thr=3   paramiko.transport: userauth is OK
INF [20141118-15:39:28.828] thr=3   paramiko.transport: Authentication (password) successful!
DEB [20141118-15:39:28.858] thr=2   paramiko.transport: [chan 1] Max packet in: 34816 bytes
DEB [20141118-15:39:28.967] thr=3   paramiko.transport: [chan 1] Max packet out: 32768 bytes
INF [20141118-15:39:28.967] thr=3   paramiko.transport: Secsh channel 1 opened.
DEB [20141118-15:39:28.967] thr=3   paramiko.transport: [chan 1] Sesch channel 1 request ok
DEB [20141118-15:39:29.092] thr=3   paramiko.transport: [chan 1] EOF received (1)
DEB [20141118-15:39:29.092] thr=4   paramiko.transport: starting thread (client mode): 0x1855eb0L
INF [20141118-15:39:29.125] thr=4   paramiko.transport: Connected (version 2.0, client OpenSSH_5.3)
DEB [20141118-15:39:29.125] thr=4   paramiko.transport: kex algos:[u'diffie-hellman-group-exchange-sha256', u'diffie-hellman-group-exchange-sha1', u'diffie-hellman-group14-sha1', u'diffie-hellman-group1-sha1'] server key:[u'ssh-rsa', u'ssh-dss'] client encrypt:[u'aes128-ctr', u'aes192-ctr', u'aes256-ctr', u'arcfour256', u'arcfour128', u'aes128-cbc', u'3des-cbc', u'blowfish-cbc', u'cast128-cbc', u'aes192-cbc', u'aes256-cbc', u'arcfour', u'rijndael-cbc@lysator.liu.se'] server encrypt:[u'aes128-ctr', u'aes192-ctr', u'aes256-ctr', u'arcfour256', u'arcfour128', u'aes128-cbc', u'3des-cbc', u'blowfish-cbc', u'cast128-cbc', u'aes192-cbc', u'aes256-cbc', u'arcfour', u'rijndael-cbc@lysator.liu.se'] client mac:[u'hmac-md5', u'hmac-sha1', u'umac-64@openssh.com', u'hmac-ripemd160', u'hmac-ripemd160@openssh.com', u'hmac-sha1-96', u'hmac-md5-96'] server mac:[u'hmac-md5', u'hmac-sha1', u'umac-64@openssh.com', u'hmac-ripemd160', u'hmac-ripemd160@openssh.com', u'hmac-sha1-96', u'hmac-md5-96'] client compress:[u'none', u'zlib@openssh.com'] server compress:[u'none', u'zlib@openssh.com'] client lang:[u''] server lang:[u''] kex follows?False
DEB [20141118-15:39:29.125] thr=4   paramiko.transport: Ciphers agreed: local=aes128-ctr, remote=aes128-ctr
DEB [20141118-15:39:29.125] thr=4   paramiko.transport: using kex diffie-hellman-group1-sha1; server key type ssh-rsa; cipher: local aes128-ctr, remote aes128-ctr; mac: local hmac-sha1, remote hmac-sha1; compression: local none, remote none
DEB [20141118-15:39:29.171] thr=4   paramiko.transport: Switch to new keys ...
DEB [20141118-15:39:29.187] thr=2   paramiko.transport: Adding ssh-rsa host key for 192.168.0.174: 90d8fa285d28306c6bccff55028afb60
DEB [20141118-15:39:29.187] thr=2   paramiko.transport: Trying discovered key 8418791280e1914400c26255d9fce828 in C:\Documents and Settings\yanjiajia/.ssh/id_rsa
DEB [20141118-15:39:29.217] thr=4   paramiko.transport: userauth is OK
INF [20141118-15:39:29.467] thr=4   paramiko.transport: Authentication (publickey) failed.
DEB [20141118-15:39:29.483] thr=4   paramiko.transport: userauth is OK
INF [20141118-15:39:29.515] thr=4   paramiko.transport: Authentication (password) successful!
DEB [20141118-15:39:29.530] thr=2   paramiko.transport: [chan 1] Max packet in: 34816 bytes
DEB [20141118-15:39:29.671] thr=4   paramiko.transport: [chan 1] Max packet out: 32768 bytes
INF [20141118-15:39:29.671] thr=4   paramiko.transport: Secsh channel 1 opened.
DEB [20141118-15:39:29.687] thr=4   paramiko.transport: [chan 1] Sesch channel 1 request ok
DEB [20141118-15:39:29.858] thr=4   paramiko.transport: [chan 1] EOF received (1)
DEB [20141118-15:39:36.890] thr=5   paramiko.transport: starting thread (client mode): 0x1897c70L
INF [20141118-15:39:36.905] thr=5   paramiko.transport: Connected (version 2.0, client OpenSSH_5.3)
DEB [20141118-15:39:36.905] thr=5   paramiko.transport: kex algos:[u'diffie-hellman-group-exchange-sha256', u'diffie-hellman-group-exchange-sha1', u'diffie-hellman-group14-sha1', u'diffie-hellman-group1-sha1'] server key:[u'ssh-rsa', u'ssh-dss'] client encrypt:[u'aes128-ctr', u'aes192-ctr', u'aes256-ctr', u'arcfour256', u'arcfour128', u'aes128-cbc', u'3des-cbc', u'blowfish-cbc', u'cast128-cbc', u'aes192-cbc', u'aes256-cbc', u'arcfour', u'rijndael-cbc@lysator.liu.se'] server encrypt:[u'aes128-ctr', u'aes192-ctr', u'aes256-ctr', u'arcfour256', u'arcfour128', u'aes128-cbc', u'3des-cbc', u'blowfish-cbc', u'cast128-cbc', u'aes192-cbc', u'aes256-cbc', u'arcfour', u'rijndael-cbc@lysator.liu.se'] client mac:[u'hmac-md5', u'hmac-sha1', u'umac-64@openssh.com', u'hmac-ripemd160', u'hmac-ripemd160@openssh.com', u'hmac-sha1-96', u'hmac-md5-96'] server mac:[u'hmac-md5', u'hmac-sha1', u'umac-64@openssh.com', u'hmac-ripemd160', u'hmac-ripemd160@openssh.com', u'hmac-sha1-96', u'hmac-md5-96'] client compress:[u'none', u'zlib@openssh.com'] server compress:[u'none', u'zlib@openssh.com'] client lang:[u''] server lang:[u''] kex follows?False
DEB [20141118-15:39:36.905] thr=5   paramiko.transport: Ciphers agreed: local=aes128-ctr, remote=aes128-ctr
DEB [20141118-15:39:36.905] thr=5   paramiko.transport: using kex diffie-hellman-group1-sha1; server key type ssh-rsa; cipher: local aes128-ctr, remote aes128-ctr; mac: local hmac-sha1, remote hmac-sha1; compression: local none, remote none
DEB [20141118-15:39:36.967] thr=5   paramiko.transport: Switch to new keys ...
DEB [20141118-15:39:36.983] thr=6   paramiko.transport: Adding ssh-rsa host key for 192.168.0.174: 90d8fa285d28306c6bccff55028afb60
DEB [20141118-15:39:36.983] thr=6   paramiko.transport: Trying discovered key 8418791280e1914400c26255d9fce828 in C:\Documents and Settings\yanjiajia/.ssh/id_rsa
DEB [20141118-15:39:37.015] thr=5   paramiko.transport: userauth is OK
INF [20141118-15:39:37.250] thr=5   paramiko.transport: Authentication (publickey) failed.
DEB [20141118-15:39:37.265] thr=5   paramiko.transport: userauth is OK
INF [20141118-15:39:37.280] thr=5   paramiko.transport: Authentication (password) successful!
DEB [20141118-15:39:37.296] thr=6   paramiko.transport: [chan 1] Max packet in: 34816 bytes
DEB [20141118-15:39:37.467] thr=5   paramiko.transport: [chan 1] Max packet out: 32768 bytes
INF [20141118-15:39:37.467] thr=5   paramiko.transport: Secsh channel 1 opened.
DEB [20141118-15:39:37.515] thr=5   paramiko.transport: [chan 1] Sesch channel 1 request ok
DEB [20141118-15:39:37.608] thr=5   paramiko.transport: [chan 1] EOF received (1)
DEB [20141118-15:39:37.608] thr=7   paramiko.transport: starting thread (client mode): 0x1897e10L
INF [20141118-15:39:37.625] thr=7   paramiko.transport: Connected (version 2.0, client OpenSSH_5.3)
DEB [20141118-15:39:37.625] thr=7   paramiko.transport: kex algos:[u'diffie-hellman-group-exchange-sha256', u'diffie-hellman-group-exchange-sha1', u'diffie-hellman-group14-sha1', u'diffie-hellman-group1-sha1'] server key:[u'ssh-rsa', u'ssh-dss'] client encrypt:[u'aes128-ctr', u'aes192-ctr', u'aes256-ctr', u'arcfour256', u'arcfour128', u'aes128-cbc', u'3des-cbc', u'blowfish-cbc', u'cast128-cbc', u'aes192-cbc', u'aes256-cbc', u'arcfour', u'rijndael-cbc@lysator.liu.se'] server encrypt:[u'aes128-ctr', u'aes192-ctr', u'aes256-ctr', u'arcfour256', u'arcfour128', u'aes128-cbc', u'3des-cbc', u'blowfish-cbc', u'cast128-cbc', u'aes192-cbc', u'aes256-cbc', u'arcfour', u'rijndael-cbc@lysator.liu.se'] client mac:[u'hmac-md5', u'hmac-sha1', u'umac-64@openssh.com', u'hmac-ripemd160', u'hmac-ripemd160@openssh.com', u'hmac-sha1-96', u'hmac-md5-96'] server mac:[u'hmac-md5', u'hmac-sha1', u'umac-64@openssh.com', u'hmac-ripemd160', u'hmac-ripemd160@openssh.com', u'hmac-sha1-96', u'hmac-md5-96'] client compress:[u'none', u'zlib@openssh.com'] server compress:[u'none', u'zlib@openssh.com'] client lang:[u''] server lang:[u''] kex follows?False
DEB [20141118-15:39:37.625] thr=7   paramiko.transport: Ciphers agreed: local=aes128-ctr, remote=aes128-ctr
DEB [20141118-15:39:37.625] thr=7   paramiko.transport: using kex diffie-hellman-group1-sha1; server key type ssh-rsa; cipher: local aes128-ctr, remote aes128-ctr; mac: local hmac-sha1, remote hmac-sha1; compression: local none, remote none
DEB [20141118-15:39:37.687] thr=7   paramiko.transport: Switch to new keys ...
DEB [20141118-15:39:37.717] thr=6   paramiko.transport: Adding ssh-rsa host key for 192.168.0.174: 90d8fa285d28306c6bccff55028afb60
DEB [20141118-15:39:37.717] thr=6   paramiko.transport: Trying discovered key 8418791280e1914400c26255d9fce828 in C:\Documents and Settings\yanjiajia/.ssh/id_rsa
DEB [20141118-15:39:37.733] thr=7   paramiko.transport: userauth is OK
INF [20141118-15:39:37.967] thr=7   paramiko.transport: Authentication (publickey) failed.
DEB [20141118-15:39:37.983] thr=7   paramiko.transport: userauth is OK
INF [20141118-15:39:38.015] thr=7   paramiko.transport: Authentication (password) successful!
DEB [20141118-15:39:38.015] thr=6   paramiko.transport: [chan 1] Max packet in: 34816 bytes
DEB [20141118-15:39:38.171] thr=7   paramiko.transport: [chan 1] Max packet out: 32768 bytes
INF [20141118-15:39:38.171] thr=7   paramiko.transport: Secsh channel 1 opened.
DEB [20141118-15:39:38.203] thr=7   paramiko.transport: [chan 1] Sesch channel 1 request ok
DEB [20141118-15:39:38.328] thr=7   paramiko.transport: [chan 1] EOF received (1)
DEB [20141118-15:39:38.328] thr=8   paramiko.transport: starting thread (client mode): 0x18973b0L
INF [20141118-15:39:38.342] thr=8   paramiko.transport: Connected (version 2.0, client OpenSSH_5.3)
DEB [20141118-15:39:38.358] thr=8   paramiko.transport: kex algos:[u'diffie-hellman-group-exchange-sha256', u'diffie-hellman-group-exchange-sha1', u'diffie-hellman-group14-sha1', u'diffie-hellman-group1-sha1'] server key:[u'ssh-rsa', u'ssh-dss'] client encrypt:[u'aes128-ctr', u'aes192-ctr', u'aes256-ctr', u'arcfour256', u'arcfour128', u'aes128-cbc', u'3des-cbc', u'blowfish-cbc', u'cast128-cbc', u'aes192-cbc', u'aes256-cbc', u'arcfour', u'rijndael-cbc@lysator.liu.se'] server encrypt:[u'aes128-ctr', u'aes192-ctr', u'aes256-ctr', u'arcfour256', u'arcfour128', u'aes128-cbc', u'3des-cbc', u'blowfish-cbc', u'cast128-cbc', u'aes192-cbc', u'aes256-cbc', u'arcfour', u'rijndael-cbc@lysator.liu.se'] client mac:[u'hmac-md5', u'hmac-sha1', u'umac-64@openssh.com', u'hmac-ripemd160', u'hmac-ripemd160@openssh.com', u'hmac-sha1-96', u'hmac-md5-96'] server mac:[u'hmac-md5', u'hmac-sha1', u'umac-64@openssh.com', u'hmac-ripemd160', u'hmac-ripemd160@openssh.com', u'hmac-sha1-96', u'hmac-md5-96'] client compress:[u'none', u'zlib@openssh.com'] server compress:[u'none', u'zlib@openssh.com'] client lang:[u''] server lang:[u''] kex follows?False
DEB [20141118-15:39:38.358] thr=8   paramiko.transport: Ciphers agreed: local=aes128-ctr, remote=aes128-ctr
DEB [20141118-15:39:38.358] thr=8   paramiko.transport: using kex diffie-hellman-group1-sha1; server key type ssh-rsa; cipher: local aes128-ctr, remote aes128-ctr; mac: local hmac-sha1, remote hmac-sha1; compression: local none, remote none
DEB [20141118-15:39:38.421] thr=8   paramiko.transport: Switch to new keys ...
DEB [20141118-15:39:38.421] thr=6   paramiko.transport: Adding ssh-rsa host key for 192.168.0.174: 90d8fa285d28306c6bccff55028afb60
DEB [20141118-15:39:38.421] thr=6   paramiko.transport: Trying discovered key 8418791280e1914400c26255d9fce828 in C:\Documents and Settings\yanjiajia/.ssh/id_rsa
DEB [20141118-15:39:38.467] thr=8   paramiko.transport: userauth is OK
INF [20141118-15:39:38.687] thr=8   paramiko.transport: Authentication (publickey) failed.
DEB [20141118-15:39:38.687] thr=8   paramiko.transport: userauth is OK
INF [20141118-15:39:38.717] thr=8   paramiko.transport: Authentication (password) successful!
DEB [20141118-15:39:38.733] thr=6   paramiko.transport: [chan 1] Max packet in: 34816 bytes
DEB [20141118-15:39:38.875] thr=8   paramiko.transport: [chan 1] Max packet out: 32768 bytes
INF [20141118-15:39:38.875] thr=8   paramiko.transport: Secsh channel 1 opened.
DEB [20141118-15:39:38.905] thr=8   paramiko.transport: [chan 1] Sesch channel 1 request ok
DEB [20141118-15:39:39.062] thr=8   paramiko.transport: [chan 1] EOF received (1)
DEB [20141118-15:39:58.671] thr=9   paramiko.transport: starting thread (client mode): 0x1884db0L
INF [20141118-15:39:58.687] thr=9   paramiko.transport: Connected (version 2.0, client OpenSSH_5.3)
DEB [20141118-15:39:58.687] thr=9   paramiko.transport: kex algos:[u'diffie-hellman-group-exchange-sha256', u'diffie-hellman-group-exchange-sha1', u'diffie-hellman-group14-sha1', u'diffie-hellman-group1-sha1'] server key:[u'ssh-rsa', u'ssh-dss'] client encrypt:[u'aes128-ctr', u'aes192-ctr', u'aes256-ctr', u'arcfour256', u'arcfour128', u'aes128-cbc', u'3des-cbc', u'blowfish-cbc', u'cast128-cbc', u'aes192-cbc', u'aes256-cbc', u'arcfour', u'rijndael-cbc@lysator.liu.se'] server encrypt:[u'aes128-ctr', u'aes192-ctr', u'aes256-ctr', u'arcfour256', u'arcfour128', u'aes128-cbc', u'3des-cbc', u'blowfish-cbc', u'cast128-cbc', u'aes192-cbc', u'aes256-cbc', u'arcfour', u'rijndael-cbc@lysator.liu.se'] client mac:[u'hmac-md5', u'hmac-sha1', u'umac-64@openssh.com', u'hmac-ripemd160', u'hmac-ripemd160@openssh.com', u'hmac-sha1-96', u'hmac-md5-96'] server mac:[u'hmac-md5', u'hmac-sha1', u'umac-64@openssh.com', u'hmac-ripemd160', u'hmac-ripemd160@openssh.com', u'hmac-sha1-96', u'hmac-md5-96'] client compress:[u'none', u'zlib@openssh.com'] server compress:[u'none', u'zlib@openssh.com'] client lang:[u''] server lang:[u''] kex follows?False
DEB [20141118-15:39:58.687] thr=9   paramiko.transport: Ciphers agreed: local=aes128-ctr, remote=aes128-ctr
DEB [20141118-15:39:58.687] thr=9   paramiko.transport: using kex diffie-hellman-group1-sha1; server key type ssh-rsa; cipher: local aes128-ctr, remote aes128-ctr; mac: local hmac-sha1, remote hmac-sha1; compression: local none, remote none
DEB [20141118-15:39:58.750] thr=9   paramiko.transport: Switch to new keys ...
DEB [20141118-15:39:58.780] thr=10  paramiko.transport: Adding ssh-rsa host key for 192.168.0.174: 90d8fa285d28306c6bccff55028afb60
DEB [20141118-15:39:58.780] thr=10  paramiko.transport: Trying discovered key 8418791280e1914400c26255d9fce828 in C:\Documents and Settings\yanjiajia/.ssh/id_rsa
DEB [20141118-15:39:58.796] thr=9   paramiko.transport: userauth is OK
INF [20141118-15:39:59.030] thr=9   paramiko.transport: Authentication (publickey) failed.
DEB [20141118-15:39:59.030] thr=9   paramiko.transport: userauth is OK
INF [20141118-15:39:59.062] thr=9   paramiko.transport: Authentication (password) successful!
DEB [20141118-15:39:59.062] thr=10  paramiko.transport: [chan 1] Max packet in: 34816 bytes
DEB [20141118-15:39:59.250] thr=9   paramiko.transport: [chan 1] Max packet out: 32768 bytes
INF [20141118-15:39:59.250] thr=9   paramiko.transport: Secsh channel 1 opened.
DEB [20141118-15:39:59.280] thr=9   paramiko.transport: [chan 1] Sesch channel 1 request ok
DEB [20141118-15:39:59.358] thr=9   paramiko.transport: [chan 1] EOF received (1)
DEB [20141118-15:39:59.358] thr=11  paramiko.transport: starting thread (client mode): 0x1884cf0L
INF [20141118-15:39:59.375] thr=11  paramiko.transport: Connected (version 2.0, client OpenSSH_5.3)
DEB [20141118-15:39:59.390] thr=11  paramiko.transport: kex algos:[u'diffie-hellman-group-exchange-sha256', u'diffie-hellman-group-exchange-sha1', u'diffie-hellman-group14-sha1', u'diffie-hellman-group1-sha1'] server key:[u'ssh-rsa', u'ssh-dss'] client encrypt:[u'aes128-ctr', u'aes192-ctr', u'aes256-ctr', u'arcfour256', u'arcfour128', u'aes128-cbc', u'3des-cbc', u'blowfish-cbc', u'cast128-cbc', u'aes192-cbc', u'aes256-cbc', u'arcfour', u'rijndael-cbc@lysator.liu.se'] server encrypt:[u'aes128-ctr', u'aes192-ctr', u'aes256-ctr', u'arcfour256', u'arcfour128', u'aes128-cbc', u'3des-cbc', u'blowfish-cbc', u'cast128-cbc', u'aes192-cbc', u'aes256-cbc', u'arcfour', u'rijndael-cbc@lysator.liu.se'] client mac:[u'hmac-md5', u'hmac-sha1', u'umac-64@openssh.com', u'hmac-ripemd160', u'hmac-ripemd160@openssh.com', u'hmac-sha1-96', u'hmac-md5-96'] server mac:[u'hmac-md5', u'hmac-sha1', u'umac-64@openssh.com', u'hmac-ripemd160', u'hmac-ripemd160@openssh.com', u'hmac-sha1-96', u'hmac-md5-96'] client compress:[u'none', u'zlib@openssh.com'] server compress:[u'none', u'zlib@openssh.com'] client lang:[u''] server lang:[u''] kex follows?False
DEB [20141118-15:39:59.390] thr=11  paramiko.transport: Ciphers agreed: local=aes128-ctr, remote=aes128-ctr
DEB [20141118-15:39:59.390] thr=11  paramiko.transport: using kex diffie-hellman-group1-sha1; server key type ssh-rsa; cipher: local aes128-ctr, remote aes128-ctr; mac: local hmac-sha1, remote hmac-sha1; compression: local none, remote none
DEB [20141118-15:39:59.453] thr=11  paramiko.transport: Switch to new keys ...
DEB [20141118-15:39:59.453] thr=10  paramiko.transport: Adding ssh-rsa host key for 192.168.0.174: 90d8fa285d28306c6bccff55028afb60
DEB [20141118-15:39:59.453] thr=10  paramiko.transport: Trying discovered key 8418791280e1914400c26255d9fce828 in C:\Documents and Settings\yanjiajia/.ssh/id_rsa
DEB [20141118-15:39:59.500] thr=11  paramiko.transport: userauth is OK
INF [20141118-15:39:59.717] thr=11  paramiko.transport: Authentication (publickey) failed.
DEB [20141118-15:39:59.733] thr=11  paramiko.transport: userauth is OK
INF [20141118-15:39:59.750] thr=11  paramiko.transport: Authentication (password) successful!
DEB [20141118-15:39:59.765] thr=10  paramiko.transport: [chan 1] Max packet in: 34816 bytes
DEB [20141118-15:39:59.921] thr=11  paramiko.transport: [chan 1] Max packet out: 32768 bytes
INF [20141118-15:39:59.921] thr=11  paramiko.transport: Secsh channel 1 opened.
DEB [20141118-15:39:59.937] thr=11  paramiko.transport: [chan 1] Sesch channel 1 request ok
DEB [20141118-15:40:00.046] thr=11  paramiko.transport: [chan 1] EOF received (1)
DEB [20141118-15:40:00.062] thr=12  paramiko.transport: starting thread (client mode): 0x1622550L
INF [20141118-15:40:00.078] thr=12  paramiko.transport: Connected (version 2.0, client OpenSSH_5.3)
DEB [20141118-15:40:00.078] thr=12  paramiko.transport: kex algos:[u'diffie-hellman-group-exchange-sha256', u'diffie-hellman-group-exchange-sha1', u'diffie-hellman-group14-sha1', u'diffie-hellman-group1-sha1'] server key:[u'ssh-rsa', u'ssh-dss'] client encrypt:[u'aes128-ctr', u'aes192-ctr', u'aes256-ctr', u'arcfour256', u'arcfour128', u'aes128-cbc', u'3des-cbc', u'blowfish-cbc', u'cast128-cbc', u'aes192-cbc', u'aes256-cbc', u'arcfour', u'rijndael-cbc@lysator.liu.se'] server encrypt:[u'aes128-ctr', u'aes192-ctr', u'aes256-ctr', u'arcfour256', u'arcfour128', u'aes128-cbc', u'3des-cbc', u'blowfish-cbc', u'cast128-cbc', u'aes192-cbc', u'aes256-cbc', u'arcfour', u'rijndael-cbc@lysator.liu.se'] client mac:[u'hmac-md5', u'hmac-sha1', u'umac-64@openssh.com', u'hmac-ripemd160', u'hmac-ripemd160@openssh.com', u'hmac-sha1-96', u'hmac-md5-96'] server mac:[u'hmac-md5', u'hmac-sha1', u'umac-64@openssh.com', u'hmac-ripemd160', u'hmac-ripemd160@openssh.com', u'hmac-sha1-96', u'hmac-md5-96'] client compress:[u'none', u'zlib@openssh.com'] server compress:[u'none', u'zlib@openssh.com'] client lang:[u''] server lang:[u''] kex follows?False
DEB [20141118-15:40:00.078] thr=12  paramiko.transport: Ciphers agreed: local=aes128-ctr, remote=aes128-ctr
DEB [20141118-15:40:00.078] thr=12  paramiko.transport: using kex diffie-hellman-group1-sha1; server key type ssh-rsa; cipher: local aes128-ctr, remote aes128-ctr; mac: local hmac-sha1, remote hmac-sha1; compression: local none, remote none
DEB [20141118-15:40:00.140] thr=12  paramiko.transport: Switch to new keys ...
DEB [20141118-15:40:00.171] thr=10  paramiko.transport: Adding ssh-rsa host key for 192.168.0.174: 90d8fa285d28306c6bccff55028afb60
DEB [20141118-15:40:00.171] thr=10  paramiko.transport: Trying discovered key 8418791280e1914400c26255d9fce828 in C:\Documents and Settings\yanjiajia/.ssh/id_rsa
DEB [20141118-15:40:00.187] thr=12  paramiko.transport: userauth is OK
INF [20141118-15:40:00.421] thr=12  paramiko.transport: Authentication (publickey) failed.
DEB [20141118-15:40:00.437] thr=12  paramiko.transport: userauth is OK
INF [20141118-15:40:00.453] thr=12  paramiko.transport: Authentication (password) successful!
DEB [20141118-15:40:00.483] thr=10  paramiko.transport: [chan 1] Max packet in: 34816 bytes
DEB [20141118-15:40:00.640] thr=12  paramiko.transport: [chan 1] Max packet out: 32768 bytes
INF [20141118-15:40:00.640] thr=12  paramiko.transport: Secsh channel 1 opened.
DEB [20141118-15:40:00.655] thr=12  paramiko.transport: [chan 1] Sesch channel 1 request ok
DEB [20141118-15:40:00.828] thr=12  paramiko.transport: [chan 1] EOF received (1)
DEB [20141118-15:40:28.405] thr=13  paramiko.transport: starting thread (client mode): 0x1886210L
INF [20141118-15:40:28.437] thr=13  paramiko.transport: Connected (version 2.0, client OpenSSH_5.3)
DEB [20141118-15:40:28.437] thr=13  paramiko.transport: kex algos:[u'diffie-hellman-group-exchange-sha256', u'diffie-hellman-group-exchange-sha1', u'diffie-hellman-group14-sha1', u'diffie-hellman-group1-sha1'] server key:[u'ssh-rsa', u'ssh-dss'] client encrypt:[u'aes128-ctr', u'aes192-ctr', u'aes256-ctr', u'arcfour256', u'arcfour128', u'aes128-cbc', u'3des-cbc', u'blowfish-cbc', u'cast128-cbc', u'aes192-cbc', u'aes256-cbc', u'arcfour', u'rijndael-cbc@lysator.liu.se'] server encrypt:[u'aes128-ctr', u'aes192-ctr', u'aes256-ctr', u'arcfour256', u'arcfour128', u'aes128-cbc', u'3des-cbc', u'blowfish-cbc', u'cast128-cbc', u'aes192-cbc', u'aes256-cbc', u'arcfour', u'rijndael-cbc@lysator.liu.se'] client mac:[u'hmac-md5', u'hmac-sha1', u'umac-64@openssh.com', u'hmac-ripemd160', u'hmac-ripemd160@openssh.com', u'hmac-sha1-96', u'hmac-md5-96'] server mac:[u'hmac-md5', u'hmac-sha1', u'umac-64@openssh.com', u'hmac-ripemd160', u'hmac-ripemd160@openssh.com', u'hmac-sha1-96', u'hmac-md5-96'] client compress:[u'none', u'zlib@openssh.com'] server compress:[u'none', u'zlib@openssh.com'] client lang:[u''] server lang:[u''] kex follows?False
DEB [20141118-15:40:28.437] thr=13  paramiko.transport: Ciphers agreed: local=aes128-ctr, remote=aes128-ctr
DEB [20141118-15:40:28.437] thr=13  paramiko.transport: using kex diffie-hellman-group1-sha1; server key type ssh-rsa; cipher: local aes128-ctr, remote aes128-ctr; mac: local hmac-sha1, remote hmac-sha1; compression: local none, remote none
DEB [20141118-15:40:28.515] thr=13  paramiko.transport: Switch to new keys ...
DEB [20141118-15:40:28.515] thr=14  paramiko.transport: Adding ssh-rsa host key for 192.168.0.174: 90d8fa285d28306c6bccff55028afb60
DEB [20141118-15:40:28.515] thr=14  paramiko.transport: Trying discovered key 8418791280e1914400c26255d9fce828 in C:\Documents and Settings\yanjiajia/.ssh/id_rsa
DEB [20141118-15:40:28.562] thr=13  paramiko.transport: userauth is OK
INF [20141118-15:40:28.796] thr=13  paramiko.transport: Authentication (publickey) failed.
DEB [20141118-15:40:28.812] thr=13  paramiko.transport: userauth is OK
INF [20141118-15:40:28.842] thr=13  paramiko.transport: Authentication (password) successful!
DEB [20141118-15:40:28.858] thr=14  paramiko.transport: [chan 1] Max packet in: 34816 bytes
DEB [20141118-15:40:29.015] thr=13  paramiko.transport: [chan 1] Max packet out: 32768 bytes
INF [20141118-15:40:29.015] thr=13  paramiko.transport: Secsh channel 1 opened.
DEB [20141118-15:40:29.030] thr=13  paramiko.transport: [chan 1] Sesch channel 1 request ok
DEB [20141118-15:40:29.125] thr=13  paramiko.transport: [chan 1] EOF received (1)
DEB [20141118-15:40:29.140] thr=15  paramiko.transport: starting thread (client mode): 0x18866d0L
INF [20141118-15:40:29.171] thr=15  paramiko.transport: Connected (version 2.0, client OpenSSH_5.3)
DEB [20141118-15:40:29.171] thr=15  paramiko.transport: kex algos:[u'diffie-hellman-group-exchange-sha256', u'diffie-hellman-group-exchange-sha1', u'diffie-hellman-group14-sha1', u'diffie-hellman-group1-sha1'] server key:[u'ssh-rsa', u'ssh-dss'] client encrypt:[u'aes128-ctr', u'aes192-ctr', u'aes256-ctr', u'arcfour256', u'arcfour128', u'aes128-cbc', u'3des-cbc', u'blowfish-cbc', u'cast128-cbc', u'aes192-cbc', u'aes256-cbc', u'arcfour', u'rijndael-cbc@lysator.liu.se'] server encrypt:[u'aes128-ctr', u'aes192-ctr', u'aes256-ctr', u'arcfour256', u'arcfour128', u'aes128-cbc', u'3des-cbc', u'blowfish-cbc', u'cast128-cbc', u'aes192-cbc', u'aes256-cbc', u'arcfour', u'rijndael-cbc@lysator.liu.se'] client mac:[u'hmac-md5', u'hmac-sha1', u'umac-64@openssh.com', u'hmac-ripemd160', u'hmac-ripemd160@openssh.com', u'hmac-sha1-96', u'hmac-md5-96'] server mac:[u'hmac-md5', u'hmac-sha1', u'umac-64@openssh.com', u'hmac-ripemd160', u'hmac-ripemd160@openssh.com', u'hmac-sha1-96', u'hmac-md5-96'] client compress:[u'none', u'zlib@openssh.com'] server compress:[u'none', u'zlib@openssh.com'] client lang:[u''] server lang:[u''] kex follows?False
DEB [20141118-15:40:29.171] thr=15  paramiko.transport: Ciphers agreed: local=aes128-ctr, remote=aes128-ctr
DEB [20141118-15:40:29.171] thr=15  paramiko.transport: using kex diffie-hellman-group1-sha1; server key type ssh-rsa; cipher: local aes128-ctr, remote aes128-ctr; mac: local hmac-sha1, remote hmac-sha1; compression: local none, remote none
DEB [20141118-15:40:29.250] thr=15  paramiko.transport: Switch to new keys ...
DEB [20141118-15:40:29.265] thr=14  paramiko.transport: Adding ssh-rsa host key for 192.168.0.174: 90d8fa285d28306c6bccff55028afb60
DEB [20141118-15:40:29.265] thr=14  paramiko.transport: Trying discovered key 8418791280e1914400c26255d9fce828 in C:\Documents and Settings\yanjiajia/.ssh/id_rsa
DEB [20141118-15:40:29.312] thr=15  paramiko.transport: userauth is OK
INF [20141118-15:40:29.625] thr=15  paramiko.transport: Authentication (publickey) failed.
DEB [20141118-15:40:29.640] thr=15  paramiko.transport: userauth is OK
INF [20141118-15:40:29.687] thr=15  paramiko.transport: Authentication (password) successful!
DEB [20141118-15:40:29.703] thr=14  paramiko.transport: [chan 1] Max packet in: 34816 bytes
DEB [20141118-15:40:29.828] thr=15  paramiko.transport: [chan 1] Max packet out: 32768 bytes
INF [20141118-15:40:29.828] thr=15  paramiko.transport: Secsh channel 1 opened.
DEB [20141118-15:40:29.842] thr=15  paramiko.transport: [chan 1] Sesch channel 1 request ok
DEB [20141118-15:40:29.953] thr=15  paramiko.transport: [chan 1] EOF received (1)
DEB [20141118-15:40:29.967] thr=16  paramiko.transport: starting thread (client mode): 0x18869d0L
INF [20141118-15:40:30.000] thr=16  paramiko.transport: Connected (version 2.0, client OpenSSH_5.3)
DEB [20141118-15:40:30.000] thr=16  paramiko.transport: kex algos:[u'diffie-hellman-group-exchange-sha256', u'diffie-hellman-group-exchange-sha1', u'diffie-hellman-group14-sha1', u'diffie-hellman-group1-sha1'] server key:[u'ssh-rsa', u'ssh-dss'] client encrypt:[u'aes128-ctr', u'aes192-ctr', u'aes256-ctr', u'arcfour256', u'arcfour128', u'aes128-cbc', u'3des-cbc', u'blowfish-cbc', u'cast128-cbc', u'aes192-cbc', u'aes256-cbc', u'arcfour', u'rijndael-cbc@lysator.liu.se'] server encrypt:[u'aes128-ctr', u'aes192-ctr', u'aes256-ctr', u'arcfour256', u'arcfour128', u'aes128-cbc', u'3des-cbc', u'blowfish-cbc', u'cast128-cbc', u'aes192-cbc', u'aes256-cbc', u'arcfour', u'rijndael-cbc@lysator.liu.se'] client mac:[u'hmac-md5', u'hmac-sha1', u'umac-64@openssh.com', u'hmac-ripemd160', u'hmac-ripemd160@openssh.com', u'hmac-sha1-96', u'hmac-md5-96'] server mac:[u'hmac-md5', u'hmac-sha1', u'umac-64@openssh.com', u'hmac-ripemd160', u'hmac-ripemd160@openssh.com', u'hmac-sha1-96', u'hmac-md5-96'] client compress:[u'none', u'zlib@openssh.com'] server compress:[u'none', u'zlib@openssh.com'] client lang:[u''] server lang:[u''] kex follows?False
DEB [20141118-15:40:30.000] thr=16  paramiko.transport: Ciphers agreed: local=aes128-ctr, remote=aes128-ctr
DEB [20141118-15:40:30.000] thr=16  paramiko.transport: using kex diffie-hellman-group1-sha1; server key type ssh-rsa; cipher: local aes128-ctr, remote aes128-ctr; mac: local hmac-sha1, remote hmac-sha1; compression: local none, remote none
DEB [20141118-15:40:30.078] thr=16  paramiko.transport: Switch to new keys ...
DEB [20141118-15:40:30.092] thr=14  paramiko.transport: Adding ssh-rsa host key for 192.168.0.174: 90d8fa285d28306c6bccff55028afb60
DEB [20141118-15:40:30.092] thr=14  paramiko.transport: Trying discovered key 8418791280e1914400c26255d9fce828 in C:\Documents and Settings\yanjiajia/.ssh/id_rsa
DEB [20141118-15:40:30.125] thr=16  paramiko.transport: userauth is OK
INF [20141118-15:40:30.375] thr=16  paramiko.transport: Authentication (publickey) failed.
DEB [20141118-15:40:30.390] thr=16  paramiko.transport: userauth is OK
INF [20141118-15:40:30.421] thr=16  paramiko.transport: Authentication (password) successful!
DEB [20141118-15:40:30.437] thr=14  paramiko.transport: [chan 1] Max packet in: 34816 bytes
DEB [20141118-15:40:30.592] thr=16  paramiko.transport: [chan 1] Max packet out: 32768 bytes
INF [20141118-15:40:30.592] thr=16  paramiko.transport: Secsh channel 1 opened.
DEB [20141118-15:40:30.625] thr=16  paramiko.transport: [chan 1] Sesch channel 1 request ok
DEB [20141118-15:40:30.780] thr=16  paramiko.transport: [chan 1] EOF received (1)
DEB [20141118-15:44:50.000] thr=17  paramiko.transport: starting thread (client mode): 0x188e1d0L
INF [20141118-15:44:50.030] thr=17  paramiko.transport: Connected (version 2.0, client OpenSSH_5.3)
DEB [20141118-15:44:50.030] thr=17  paramiko.transport: kex algos:[u'diffie-hellman-group-exchange-sha256', u'diffie-hellman-group-exchange-sha1', u'diffie-hellman-group14-sha1', u'diffie-hellman-group1-sha1'] server key:[u'ssh-rsa', u'ssh-dss'] client encrypt:[u'aes128-ctr', u'aes192-ctr', u'aes256-ctr', u'arcfour256', u'arcfour128', u'aes128-cbc', u'3des-cbc', u'blowfish-cbc', u'cast128-cbc', u'aes192-cbc', u'aes256-cbc', u'arcfour', u'rijndael-cbc@lysator.liu.se'] server encrypt:[u'aes128-ctr', u'aes192-ctr', u'aes256-ctr', u'arcfour256', u'arcfour128', u'aes128-cbc', u'3des-cbc', u'blowfish-cbc', u'cast128-cbc', u'aes192-cbc', u'aes256-cbc', u'arcfour', u'rijndael-cbc@lysator.liu.se'] client mac:[u'hmac-md5', u'hmac-sha1', u'umac-64@openssh.com', u'hmac-ripemd160', u'hmac-ripemd160@openssh.com', u'hmac-sha1-96', u'hmac-md5-96'] server mac:[u'hmac-md5', u'hmac-sha1', u'umac-64@openssh.com', u'hmac-ripemd160', u'hmac-ripemd160@openssh.com', u'hmac-sha1-96', u'hmac-md5-96'] client compress:[u'none', u'zlib@openssh.com'] server compress:[u'none', u'zlib@openssh.com'] client lang:[u''] server lang:[u''] kex follows?False
DEB [20141118-15:44:50.030] thr=17  paramiko.transport: Ciphers agreed: local=aes128-ctr, remote=aes128-ctr
DEB [20141118-15:44:50.030] thr=17  paramiko.transport: using kex diffie-hellman-group1-sha1; server key type ssh-rsa; cipher: local aes128-ctr, remote aes128-ctr; mac: local hmac-sha1, remote hmac-sha1; compression: local none, remote none
DEB [20141118-15:44:50.108] thr=17  paramiko.transport: Switch to new keys ...
DEB [20141118-15:44:50.125] thr=10  paramiko.transport: Adding ssh-rsa host key for 192.168.0.174: 90d8fa285d28306c6bccff55028afb60
DEB [20141118-15:44:50.125] thr=10  paramiko.transport: Trying discovered key 8418791280e1914400c26255d9fce828 in C:\Documents and Settings\yanjiajia/.ssh/id_rsa
DEB [20141118-15:44:50.155] thr=17  paramiko.transport: userauth is OK
INF [20141118-15:44:50.375] thr=17  paramiko.transport: Authentication (publickey) failed.
DEB [20141118-15:44:50.390] thr=17  paramiko.transport: userauth is OK
INF [20141118-15:44:50.421] thr=17  paramiko.transport: Authentication (password) successful!
DEB [20141118-15:44:50.437] thr=10  paramiko.transport: [chan 1] Max packet in: 34816 bytes
DEB [20141118-15:44:50.592] thr=17  paramiko.transport: [chan 1] Max packet out: 32768 bytes
INF [20141118-15:44:50.592] thr=17  paramiko.transport: Secsh channel 1 opened.
DEB [20141118-15:44:50.608] thr=17  paramiko.transport: [chan 1] Sesch channel 1 request ok
DEB [20141118-15:44:50.687] thr=17  paramiko.transport: [chan 1] EOF received (1)
DEB [20141118-15:44:50.703] thr=18  paramiko.transport: starting thread (client mode): 0x188ea30L
INF [20141118-15:44:50.717] thr=18  paramiko.transport: Connected (version 2.0, client OpenSSH_5.3)
DEB [20141118-15:44:50.717] thr=18  paramiko.transport: kex algos:[u'diffie-hellman-group-exchange-sha256', u'diffie-hellman-group-exchange-sha1', u'diffie-hellman-group14-sha1', u'diffie-hellman-group1-sha1'] server key:[u'ssh-rsa', u'ssh-dss'] client encrypt:[u'aes128-ctr', u'aes192-ctr', u'aes256-ctr', u'arcfour256', u'arcfour128', u'aes128-cbc', u'3des-cbc', u'blowfish-cbc', u'cast128-cbc', u'aes192-cbc', u'aes256-cbc', u'arcfour', u'rijndael-cbc@lysator.liu.se'] server encrypt:[u'aes128-ctr', u'aes192-ctr', u'aes256-ctr', u'arcfour256', u'arcfour128', u'aes128-cbc', u'3des-cbc', u'blowfish-cbc', u'cast128-cbc', u'aes192-cbc', u'aes256-cbc', u'arcfour', u'rijndael-cbc@lysator.liu.se'] client mac:[u'hmac-md5', u'hmac-sha1', u'umac-64@openssh.com', u'hmac-ripemd160', u'hmac-ripemd160@openssh.com', u'hmac-sha1-96', u'hmac-md5-96'] server mac:[u'hmac-md5', u'hmac-sha1', u'umac-64@openssh.com', u'hmac-ripemd160', u'hmac-ripemd160@openssh.com', u'hmac-sha1-96', u'hmac-md5-96'] client compress:[u'none', u'zlib@openssh.com'] server compress:[u'none', u'zlib@openssh.com'] client lang:[u''] server lang:[u''] kex follows?False
DEB [20141118-15:44:50.717] thr=18  paramiko.transport: Ciphers agreed: local=aes128-ctr, remote=aes128-ctr
DEB [20141118-15:44:50.717] thr=18  paramiko.transport: using kex diffie-hellman-group1-sha1; server key type ssh-rsa; cipher: local aes128-ctr, remote aes128-ctr; mac: local hmac-sha1, remote hmac-sha1; compression: local none, remote none
DEB [20141118-15:44:50.780] thr=18  paramiko.transport: Switch to new keys ...
DEB [20141118-15:44:50.796] thr=10  paramiko.transport: Adding ssh-rsa host key for 192.168.0.174: 90d8fa285d28306c6bccff55028afb60
DEB [20141118-15:44:50.796] thr=10  paramiko.transport: Trying discovered key 8418791280e1914400c26255d9fce828 in C:\Documents and Settings\yanjiajia/.ssh/id_rsa
DEB [20141118-15:44:50.828] thr=18  paramiko.transport: userauth is OK
INF [20141118-15:44:51.062] thr=18  paramiko.transport: Authentication (publickey) failed.
DEB [20141118-15:44:51.078] thr=18  paramiko.transport: userauth is OK
INF [20141118-15:44:51.108] thr=18  paramiko.transport: Authentication (password) successful!
DEB [20141118-15:44:51.125] thr=10  paramiko.transport: [chan 1] Max packet in: 34816 bytes
DEB [20141118-15:44:51.265] thr=18  paramiko.transport: [chan 1] Max packet out: 32768 bytes
INF [20141118-15:44:51.265] thr=18  paramiko.transport: Secsh channel 1 opened.
DEB [20141118-15:44:51.280] thr=18  paramiko.transport: [chan 1] Sesch channel 1 request ok
DEB [20141118-15:44:51.421] thr=18  paramiko.transport: [chan 1] EOF received (1)
DEB [20141118-15:44:51.437] thr=19  paramiko.transport: starting thread (client mode): 0x188e950L
INF [20141118-15:44:51.453] thr=19  paramiko.transport: Connected (version 2.0, client OpenSSH_5.3)
DEB [20141118-15:44:51.453] thr=19  paramiko.transport: kex algos:[u'diffie-hellman-group-exchange-sha256', u'diffie-hellman-group-exchange-sha1', u'diffie-hellman-group14-sha1', u'diffie-hellman-group1-sha1'] server key:[u'ssh-rsa', u'ssh-dss'] client encrypt:[u'aes128-ctr', u'aes192-ctr', u'aes256-ctr', u'arcfour256', u'arcfour128', u'aes128-cbc', u'3des-cbc', u'blowfish-cbc', u'cast128-cbc', u'aes192-cbc', u'aes256-cbc', u'arcfour', u'rijndael-cbc@lysator.liu.se'] server encrypt:[u'aes128-ctr', u'aes192-ctr', u'aes256-ctr', u'arcfour256', u'arcfour128', u'aes128-cbc', u'3des-cbc', u'blowfish-cbc', u'cast128-cbc', u'aes192-cbc', u'aes256-cbc', u'arcfour', u'rijndael-cbc@lysator.liu.se'] client mac:[u'hmac-md5', u'hmac-sha1', u'umac-64@openssh.com', u'hmac-ripemd160', u'hmac-ripemd160@openssh.com', u'hmac-sha1-96', u'hmac-md5-96'] server mac:[u'hmac-md5', u'hmac-sha1', u'umac-64@openssh.com', u'hmac-ripemd160', u'hmac-ripemd160@openssh.com', u'hmac-sha1-96', u'hmac-md5-96'] client compress:[u'none', u'zlib@openssh.com'] server compress:[u'none', u'zlib@openssh.com'] client lang:[u''] server lang:[u''] kex follows?False
DEB [20141118-15:44:51.453] thr=19  paramiko.transport: Ciphers agreed: local=aes128-ctr, remote=aes128-ctr
DEB [20141118-15:44:51.453] thr=19  paramiko.transport: using kex diffie-hellman-group1-sha1; server key type ssh-rsa; cipher: local aes128-ctr, remote aes128-ctr; mac: local hmac-sha1, remote hmac-sha1; compression: local none, remote none
DEB [20141118-15:44:51.515] thr=19  paramiko.transport: Switch to new keys ...
DEB [20141118-15:44:51.546] thr=10  paramiko.transport: Adding ssh-rsa host key for 192.168.0.174: 90d8fa285d28306c6bccff55028afb60
DEB [20141118-15:44:51.546] thr=10  paramiko.transport: Trying discovered key 8418791280e1914400c26255d9fce828 in C:\Documents and Settings\yanjiajia/.ssh/id_rsa
DEB [20141118-15:44:51.562] thr=19  paramiko.transport: userauth is OK
INF [20141118-15:44:51.780] thr=19  paramiko.transport: Authentication (publickey) failed.
DEB [20141118-15:44:51.796] thr=19  paramiko.transport: userauth is OK
INF [20141118-15:44:51.812] thr=19  paramiko.transport: Authentication (password) successful!
DEB [20141118-15:44:51.828] thr=10  paramiko.transport: [chan 1] Max packet in: 34816 bytes
DEB [20141118-15:44:51.983] thr=19  paramiko.transport: [chan 1] Max packet out: 32768 bytes
INF [20141118-15:44:51.983] thr=19  paramiko.transport: Secsh channel 1 opened.
DEB [20141118-15:44:52.000] thr=19  paramiko.transport: [chan 1] Sesch channel 1 request ok
DEB [20141118-15:44:52.125] thr=19  paramiko.transport: [chan 1] EOF received (1)
DEB [20141118-15:58:56.655] thr=20  paramiko.transport: starting thread (client mode): 0x188be10L
INF [20141118-15:58:56.687] thr=20  paramiko.transport: Connected (version 2.0, client OpenSSH_5.3)
DEB [20141118-15:58:56.687] thr=20  paramiko.transport: kex algos:[u'diffie-hellman-group-exchange-sha256', u'diffie-hellman-group-exchange-sha1', u'diffie-hellman-group14-sha1', u'diffie-hellman-group1-sha1'] server key:[u'ssh-rsa', u'ssh-dss'] client encrypt:[u'aes128-ctr', u'aes192-ctr', u'aes256-ctr', u'arcfour256', u'arcfour128', u'aes128-cbc', u'3des-cbc', u'blowfish-cbc', u'cast128-cbc', u'aes192-cbc', u'aes256-cbc', u'arcfour', u'rijndael-cbc@lysator.liu.se'] server encrypt:[u'aes128-ctr', u'aes192-ctr', u'aes256-ctr', u'arcfour256', u'arcfour128', u'aes128-cbc', u'3des-cbc', u'blowfish-cbc', u'cast128-cbc', u'aes192-cbc', u'aes256-cbc', u'arcfour', u'rijndael-cbc@lysator.liu.se'] client mac:[u'hmac-md5', u'hmac-sha1', u'umac-64@openssh.com', u'hmac-ripemd160', u'hmac-ripemd160@openssh.com', u'hmac-sha1-96', u'hmac-md5-96'] server mac:[u'hmac-md5', u'hmac-sha1', u'umac-64@openssh.com', u'hmac-ripemd160', u'hmac-ripemd160@openssh.com', u'hmac-sha1-96', u'hmac-md5-96'] client compress:[u'none', u'zlib@openssh.com'] server compress:[u'none', u'zlib@openssh.com'] client lang:[u''] server lang:[u''] kex follows?False
DEB [20141118-15:58:56.687] thr=20  paramiko.transport: Ciphers agreed: local=aes128-ctr, remote=aes128-ctr
DEB [20141118-15:58:56.687] thr=20  paramiko.transport: using kex diffie-hellman-group1-sha1; server key type ssh-rsa; cipher: local aes128-ctr, remote aes128-ctr; mac: local hmac-sha1, remote hmac-sha1; compression: local none, remote none
DEB [20141118-15:58:56.750] thr=20  paramiko.transport: Switch to new keys ...
DEB [20141118-15:58:56.765] thr=12  paramiko.transport: Adding ssh-rsa host key for 192.168.0.174: 90d8fa285d28306c6bccff55028afb60
DEB [20141118-15:58:56.765] thr=12  paramiko.transport: Trying discovered key 8418791280e1914400c26255d9fce828 in C:\Documents and Settings\yanjiajia/.ssh/id_rsa
DEB [20141118-15:58:56.796] thr=20  paramiko.transport: userauth is OK
INF [20141118-15:58:57.015] thr=20  paramiko.transport: Authentication (publickey) failed.
DEB [20141118-15:58:57.030] thr=20  paramiko.transport: userauth is OK
INF [20141118-15:58:57.046] thr=20  paramiko.transport: Authentication (password) successful!
DEB [20141118-15:58:57.078] thr=12  paramiko.transport: [chan 1] Max packet in: 34816 bytes
DEB [20141118-15:58:57.250] thr=20  paramiko.transport: [chan 1] Max packet out: 32768 bytes
INF [20141118-15:58:57.250] thr=20  paramiko.transport: Secsh channel 1 opened.
DEB [20141118-15:58:57.250] thr=20  paramiko.transport: [chan 1] Sesch channel 1 request ok
DEB [20141118-15:58:57.328] thr=20  paramiko.transport: [chan 1] EOF received (1)
DEB [20141118-15:58:57.328] thr=21  paramiko.transport: starting thread (client mode): 0x188b9f0L
INF [20141118-15:58:57.342] thr=21  paramiko.transport: Connected (version 2.0, client OpenSSH_5.3)
DEB [20141118-15:58:57.342] thr=21  paramiko.transport: kex algos:[u'diffie-hellman-group-exchange-sha256', u'diffie-hellman-group-exchange-sha1', u'diffie-hellman-group14-sha1', u'diffie-hellman-group1-sha1'] server key:[u'ssh-rsa', u'ssh-dss'] client encrypt:[u'aes128-ctr', u'aes192-ctr', u'aes256-ctr', u'arcfour256', u'arcfour128', u'aes128-cbc', u'3des-cbc', u'blowfish-cbc', u'cast128-cbc', u'aes192-cbc', u'aes256-cbc', u'arcfour', u'rijndael-cbc@lysator.liu.se'] server encrypt:[u'aes128-ctr', u'aes192-ctr', u'aes256-ctr', u'arcfour256', u'arcfour128', u'aes128-cbc', u'3des-cbc', u'blowfish-cbc', u'cast128-cbc', u'aes192-cbc', u'aes256-cbc', u'arcfour', u'rijndael-cbc@lysator.liu.se'] client mac:[u'hmac-md5', u'hmac-sha1', u'umac-64@openssh.com', u'hmac-ripemd160', u'hmac-ripemd160@openssh.com', u'hmac-sha1-96', u'hmac-md5-96'] server mac:[u'hmac-md5', u'hmac-sha1', u'umac-64@openssh.com', u'hmac-ripemd160', u'hmac-ripemd160@openssh.com', u'hmac-sha1-96', u'hmac-md5-96'] client compress:[u'none', u'zlib@openssh.com'] server compress:[u'none', u'zlib@openssh.com'] client lang:[u''] server lang:[u''] kex follows?False
DEB [20141118-15:58:57.342] thr=21  paramiko.transport: Ciphers agreed: local=aes128-ctr, remote=aes128-ctr
DEB [20141118-15:58:57.342] thr=21  paramiko.transport: using kex diffie-hellman-group1-sha1; server key type ssh-rsa; cipher: local aes128-ctr, remote aes128-ctr; mac: local hmac-sha1, remote hmac-sha1; compression: local none, remote none
DEB [20141118-15:58:57.405] thr=21  paramiko.transport: Switch to new keys ...
DEB [20141118-15:58:57.437] thr=12  paramiko.transport: Adding ssh-rsa host key for 192.168.0.174: 90d8fa285d28306c6bccff55028afb60
DEB [20141118-15:58:57.437] thr=12  paramiko.transport: Trying discovered key 8418791280e1914400c26255d9fce828 in C:\Documents and Settings\yanjiajia/.ssh/id_rsa
DEB [20141118-15:58:57.453] thr=21  paramiko.transport: userauth is OK
INF [20141118-15:58:57.671] thr=21  paramiko.transport: Authentication (publickey) failed.
DEB [20141118-15:58:57.687] thr=21  paramiko.transport: userauth is OK
INF [20141118-15:58:57.703] thr=21  paramiko.transport: Authentication (password) successful!
DEB [20141118-15:58:57.717] thr=12  paramiko.transport: [chan 1] Max packet in: 34816 bytes
DEB [20141118-15:58:57.875] thr=21  paramiko.transport: [chan 1] Max packet out: 32768 bytes
INF [20141118-15:58:57.875] thr=21  paramiko.transport: Secsh channel 1 opened.
DEB [20141118-15:58:57.890] thr=21  paramiko.transport: [chan 1] Sesch channel 1 request ok
DEB [20141118-15:58:58.030] thr=21  paramiko.transport: [chan 1] EOF received (1)
DEB [20141118-15:58:58.030] thr=22  paramiko.transport: starting thread (client mode): 0x188bcb0L
INF [20141118-15:58:58.046] thr=22  paramiko.transport: Connected (version 2.0, client OpenSSH_5.3)
DEB [20141118-15:58:58.062] thr=22  paramiko.transport: kex algos:[u'diffie-hellman-group-exchange-sha256', u'diffie-hellman-group-exchange-sha1', u'diffie-hellman-group14-sha1', u'diffie-hellman-group1-sha1'] server key:[u'ssh-rsa', u'ssh-dss'] client encrypt:[u'aes128-ctr', u'aes192-ctr', u'aes256-ctr', u'arcfour256', u'arcfour128', u'aes128-cbc', u'3des-cbc', u'blowfish-cbc', u'cast128-cbc', u'aes192-cbc', u'aes256-cbc', u'arcfour', u'rijndael-cbc@lysator.liu.se'] server encrypt:[u'aes128-ctr', u'aes192-ctr', u'aes256-ctr', u'arcfour256', u'arcfour128', u'aes128-cbc', u'3des-cbc', u'blowfish-cbc', u'cast128-cbc', u'aes192-cbc', u'aes256-cbc', u'arcfour', u'rijndael-cbc@lysator.liu.se'] client mac:[u'hmac-md5', u'hmac-sha1', u'umac-64@openssh.com', u'hmac-ripemd160', u'hmac-ripemd160@openssh.com', u'hmac-sha1-96', u'hmac-md5-96'] server mac:[u'hmac-md5', u'hmac-sha1', u'umac-64@openssh.com', u'hmac-ripemd160', u'hmac-ripemd160@openssh.com', u'hmac-sha1-96', u'hmac-md5-96'] client compress:[u'none', u'zlib@openssh.com'] server compress:[u'none', u'zlib@openssh.com'] client lang:[u''] server lang:[u''] kex follows?False
DEB [20141118-15:58:58.062] thr=22  paramiko.transport: Ciphers agreed: local=aes128-ctr, remote=aes128-ctr
DEB [20141118-15:58:58.062] thr=22  paramiko.transport: using kex diffie-hellman-group1-sha1; server key type ssh-rsa; cipher: local aes128-ctr, remote aes128-ctr; mac: local hmac-sha1, remote hmac-sha1; compression: local none, remote none
DEB [20141118-15:58:58.125] thr=22  paramiko.transport: Switch to new keys ...
DEB [20141118-15:58:58.125] thr=12  paramiko.transport: Adding ssh-rsa host key for 192.168.0.174: 90d8fa285d28306c6bccff55028afb60
DEB [20141118-15:58:58.125] thr=12  paramiko.transport: Trying discovered key 8418791280e1914400c26255d9fce828 in C:\Documents and Settings\yanjiajia/.ssh/id_rsa
DEB [20141118-15:58:58.155] thr=22  paramiko.transport: userauth is OK
INF [20141118-15:58:58.390] thr=22  paramiko.transport: Authentication (publickey) failed.
DEB [20141118-15:58:58.390] thr=22  paramiko.transport: userauth is OK
INF [20141118-15:58:58.421] thr=22  paramiko.transport: Authentication (password) successful!
DEB [20141118-15:58:58.421] thr=12  paramiko.transport: [chan 1] Max packet in: 34816 bytes
DEB [20141118-15:58:58.578] thr=22  paramiko.transport: [chan 1] Max packet out: 32768 bytes
INF [20141118-15:58:58.578] thr=22  paramiko.transport: Secsh channel 1 opened.
DEB [20141118-15:58:58.592] thr=22  paramiko.transport: [chan 1] Sesch channel 1 request ok
DEB [20141118-15:58:58.765] thr=22  paramiko.transport: [chan 1] EOF received (1)
DEB [20141118-16:13:43.203] thr=23  paramiko.transport: starting thread (client mode): 0x18947b0L
INF [20141118-16:13:43.203] thr=23  paramiko.transport: Connected (version 2.0, client OpenSSH_5.3)
DEB [20141118-16:13:43.217] thr=23  paramiko.transport: kex algos:[u'diffie-hellman-group-exchange-sha256', u'diffie-hellman-group-exchange-sha1', u'diffie-hellman-group14-sha1', u'diffie-hellman-group1-sha1'] server key:[u'ssh-rsa', u'ssh-dss'] client encrypt:[u'aes128-ctr', u'aes192-ctr', u'aes256-ctr', u'arcfour256', u'arcfour128', u'aes128-cbc', u'3des-cbc', u'blowfish-cbc', u'cast128-cbc', u'aes192-cbc', u'aes256-cbc', u'arcfour', u'rijndael-cbc@lysator.liu.se'] server encrypt:[u'aes128-ctr', u'aes192-ctr', u'aes256-ctr', u'arcfour256', u'arcfour128', u'aes128-cbc', u'3des-cbc', u'blowfish-cbc', u'cast128-cbc', u'aes192-cbc', u'aes256-cbc', u'arcfour', u'rijndael-cbc@lysator.liu.se'] client mac:[u'hmac-md5', u'hmac-sha1', u'umac-64@openssh.com', u'hmac-ripemd160', u'hmac-ripemd160@openssh.com', u'hmac-sha1-96', u'hmac-md5-96'] server mac:[u'hmac-md5', u'hmac-sha1', u'umac-64@openssh.com', u'hmac-ripemd160', u'hmac-ripemd160@openssh.com', u'hmac-sha1-96', u'hmac-md5-96'] client compress:[u'none', u'zlib@openssh.com'] server compress:[u'none', u'zlib@openssh.com'] client lang:[u''] server lang:[u''] kex follows?False
DEB [20141118-16:13:43.217] thr=23  paramiko.transport: Ciphers agreed: local=aes128-ctr, remote=aes128-ctr
DEB [20141118-16:13:43.217] thr=23  paramiko.transport: using kex diffie-hellman-group1-sha1; server key type ssh-rsa; cipher: local aes128-ctr, remote aes128-ctr; mac: local hmac-sha1, remote hmac-sha1; compression: local none, remote none
DEB [20141118-16:13:43.280] thr=23  paramiko.transport: Switch to new keys ...
DEB [20141118-16:13:43.312] thr=24  paramiko.transport: Adding ssh-rsa host key for 192.168.0.174: 90d8fa285d28306c6bccff55028afb60
DEB [20141118-16:13:43.312] thr=24  paramiko.transport: Trying discovered key 8418791280e1914400c26255d9fce828 in C:\Documents and Settings\yanjiajia/.ssh/id_rsa
DEB [20141118-16:13:43.312] thr=23  paramiko.transport: userauth is OK
INF [20141118-16:13:43.546] thr=23  paramiko.transport: Authentication (publickey) failed.
DEB [20141118-16:13:43.562] thr=23  paramiko.transport: userauth is OK
INF [20141118-16:13:43.592] thr=23  paramiko.transport: Authentication (password) successful!
DEB [20141118-16:13:43.608] thr=24  paramiko.transport: [chan 1] Max packet in: 34816 bytes
DEB [20141118-16:13:43.765] thr=23  paramiko.transport: [chan 1] Max packet out: 32768 bytes
INF [20141118-16:13:43.765] thr=23  paramiko.transport: Secsh channel 1 opened.
DEB [20141118-16:13:43.780] thr=23  paramiko.transport: [chan 1] Sesch channel 1 request ok
DEB [20141118-16:13:43.842] thr=23  paramiko.transport: [chan 1] EOF received (1)
DEB [20141118-16:13:43.858] thr=25  paramiko.transport: starting thread (client mode): 0x1894130L
INF [20141118-16:13:43.875] thr=25  paramiko.transport: Connected (version 2.0, client OpenSSH_5.3)
DEB [20141118-16:13:43.875] thr=25  paramiko.transport: kex algos:[u'diffie-hellman-group-exchange-sha256', u'diffie-hellman-group-exchange-sha1', u'diffie-hellman-group14-sha1', u'diffie-hellman-group1-sha1'] server key:[u'ssh-rsa', u'ssh-dss'] client encrypt:[u'aes128-ctr', u'aes192-ctr', u'aes256-ctr', u'arcfour256', u'arcfour128', u'aes128-cbc', u'3des-cbc', u'blowfish-cbc', u'cast128-cbc', u'aes192-cbc', u'aes256-cbc', u'arcfour', u'rijndael-cbc@lysator.liu.se'] server encrypt:[u'aes128-ctr', u'aes192-ctr', u'aes256-ctr', u'arcfour256', u'arcfour128', u'aes128-cbc', u'3des-cbc', u'blowfish-cbc', u'cast128-cbc', u'aes192-cbc', u'aes256-cbc', u'arcfour', u'rijndael-cbc@lysator.liu.se'] client mac:[u'hmac-md5', u'hmac-sha1', u'umac-64@openssh.com', u'hmac-ripemd160', u'hmac-ripemd160@openssh.com', u'hmac-sha1-96', u'hmac-md5-96'] server mac:[u'hmac-md5', u'hmac-sha1', u'umac-64@openssh.com', u'hmac-ripemd160', u'hmac-ripemd160@openssh.com', u'hmac-sha1-96', u'hmac-md5-96'] client compress:[u'none', u'zlib@openssh.com'] server compress:[u'none', u'zlib@openssh.com'] client lang:[u''] server lang:[u''] kex follows?False
DEB [20141118-16:13:43.875] thr=25  paramiko.transport: Ciphers agreed: local=aes128-ctr, remote=aes128-ctr
DEB [20141118-16:13:43.875] thr=25  paramiko.transport: using kex diffie-hellman-group1-sha1; server key type ssh-rsa; cipher: local aes128-ctr, remote aes128-ctr; mac: local hmac-sha1, remote hmac-sha1; compression: local none, remote none
DEB [20141118-16:13:43.937] thr=25  paramiko.transport: Switch to new keys ...
DEB [20141118-16:13:43.967] thr=24  paramiko.transport: Adding ssh-rsa host key for 192.168.0.174: 90d8fa285d28306c6bccff55028afb60
DEB [20141118-16:13:43.967] thr=24  paramiko.transport: Trying discovered key 8418791280e1914400c26255d9fce828 in C:\Documents and Settings\yanjiajia/.ssh/id_rsa
DEB [20141118-16:13:43.983] thr=25  paramiko.transport: userauth is OK
INF [20141118-16:13:44.203] thr=25  paramiko.transport: Authentication (publickey) failed.
DEB [20141118-16:13:44.217] thr=25  paramiko.transport: userauth is OK
INF [20141118-16:13:44.233] thr=25  paramiko.transport: Authentication (password) successful!
DEB [20141118-16:13:44.250] thr=24  paramiko.transport: [chan 1] Max packet in: 34816 bytes
DEB [20141118-16:13:44.405] thr=25  paramiko.transport: [chan 1] Max packet out: 32768 bytes
INF [20141118-16:13:44.405] thr=25  paramiko.transport: Secsh channel 1 opened.
DEB [20141118-16:13:44.421] thr=25  paramiko.transport: [chan 1] Sesch channel 1 request ok
DEB [20141118-16:13:44.515] thr=25  paramiko.transport: [chan 1] EOF received (1)
DEB [20141118-16:13:44.530] thr=26  paramiko.transport: starting thread (client mode): 0x1894390L
INF [20141118-16:13:44.546] thr=26  paramiko.transport: Connected (version 2.0, client OpenSSH_5.3)
DEB [20141118-16:13:44.546] thr=26  paramiko.transport: kex algos:[u'diffie-hellman-group-exchange-sha256', u'diffie-hellman-group-exchange-sha1', u'diffie-hellman-group14-sha1', u'diffie-hellman-group1-sha1'] server key:[u'ssh-rsa', u'ssh-dss'] client encrypt:[u'aes128-ctr', u'aes192-ctr', u'aes256-ctr', u'arcfour256', u'arcfour128', u'aes128-cbc', u'3des-cbc', u'blowfish-cbc', u'cast128-cbc', u'aes192-cbc', u'aes256-cbc', u'arcfour', u'rijndael-cbc@lysator.liu.se'] server encrypt:[u'aes128-ctr', u'aes192-ctr', u'aes256-ctr', u'arcfour256', u'arcfour128', u'aes128-cbc', u'3des-cbc', u'blowfish-cbc', u'cast128-cbc', u'aes192-cbc', u'aes256-cbc', u'arcfour', u'rijndael-cbc@lysator.liu.se'] client mac:[u'hmac-md5', u'hmac-sha1', u'umac-64@openssh.com', u'hmac-ripemd160', u'hmac-ripemd160@openssh.com', u'hmac-sha1-96', u'hmac-md5-96'] server mac:[u'hmac-md5', u'hmac-sha1', u'umac-64@openssh.com', u'hmac-ripemd160', u'hmac-ripemd160@openssh.com', u'hmac-sha1-96', u'hmac-md5-96'] client compress:[u'none', u'zlib@openssh.com'] server compress:[u'none', u'zlib@openssh.com'] client lang:[u''] server lang:[u''] kex follows?False
DEB [20141118-16:13:44.546] thr=26  paramiko.transport: Ciphers agreed: local=aes128-ctr, remote=aes128-ctr
DEB [20141118-16:13:44.546] thr=26  paramiko.transport: using kex diffie-hellman-group1-sha1; server key type ssh-rsa; cipher: local aes128-ctr, remote aes128-ctr; mac: local hmac-sha1, remote hmac-sha1; compression: local none, remote none
DEB [20141118-16:13:44.625] thr=26  paramiko.transport: Switch to new keys ...
DEB [20141118-16:13:44.640] thr=24  paramiko.transport: Adding ssh-rsa host key for 192.168.0.174: 90d8fa285d28306c6bccff55028afb60
DEB [20141118-16:13:44.640] thr=24  paramiko.transport: Trying discovered key 8418791280e1914400c26255d9fce828 in C:\Documents and Settings\yanjiajia/.ssh/id_rsa
DEB [20141118-16:13:44.655] thr=26  paramiko.transport: userauth is OK
INF [20141118-16:13:44.890] thr=26  paramiko.transport: Authentication (publickey) failed.
DEB [20141118-16:13:44.905] thr=26  paramiko.transport: userauth is OK
INF [20141118-16:13:44.937] thr=26  paramiko.transport: Authentication (password) successful!
DEB [20141118-16:13:44.953] thr=24  paramiko.transport: [chan 1] Max packet in: 34816 bytes
DEB [20141118-16:13:45.125] thr=26  paramiko.transport: [chan 1] Max packet out: 32768 bytes
INF [20141118-16:13:45.125] thr=26  paramiko.transport: Secsh channel 1 opened.
DEB [20141118-16:13:45.155] thr=26  paramiko.transport: [chan 1] Sesch channel 1 request ok
DEB [20141118-16:13:45.312] thr=26  paramiko.transport: [chan 1] EOF received (1)
