DEB [20141201-18:24:07.953] thr=1   paramiko.transport: starting thread (client mode): 0x132d530L
INF [20141201-18:24:07.967] thr=1   paramiko.transport: Connected (version 2.0, client OpenSSH_5.3)
DEB [20141201-18:24:07.983] thr=1   paramiko.transport: kex algos:[u'diffie-hellman-group-exchange-sha256', u'diffie-hellman-group-exchange-sha1', u'diffie-hellman-group14-sha1', u'diffie-hellman-group1-sha1'] server key:[u'ssh-rsa', u'ssh-dss'] client encrypt:[u'aes128-ctr', u'aes192-ctr', u'aes256-ctr', u'arcfour256', u'arcfour128', u'aes128-cbc', u'3des-cbc', u'blowfish-cbc', u'cast128-cbc', u'aes192-cbc', u'aes256-cbc', u'arcfour', u'rijndael-cbc@lysator.liu.se'] server encrypt:[u'aes128-ctr', u'aes192-ctr', u'aes256-ctr', u'arcfour256', u'arcfour128', u'aes128-cbc', u'3des-cbc', u'blowfish-cbc', u'cast128-cbc', u'aes192-cbc', u'aes256-cbc', u'arcfour', u'rijndael-cbc@lysator.liu.se'] client mac:[u'hmac-md5', u'hmac-sha1', u'umac-64@openssh.com', u'hmac-ripemd160', u'hmac-ripemd160@openssh.com', u'hmac-sha1-96', u'hmac-md5-96'] server mac:[u'hmac-md5', u'hmac-sha1', u'umac-64@openssh.com', u'hmac-ripemd160', u'hmac-ripemd160@openssh.com', u'hmac-sha1-96', u'hmac-md5-96'] client compress:[u'none', u'zlib@openssh.com'] server compress:[u'none', u'zlib@openssh.com'] client lang:[u''] server lang:[u''] kex follows?False
DEB [20141201-18:24:07.983] thr=1   paramiko.transport: Ciphers agreed: local=aes128-ctr, remote=aes128-ctr
DEB [20141201-18:24:07.983] thr=1   paramiko.transport: using kex diffie-hellman-group1-sha1; server key type ssh-rsa; cipher: local aes128-ctr, remote aes128-ctr; mac: local hmac-sha1, remote hmac-sha1; compression: local none, remote none
DEB [20141201-18:24:08.046] thr=1   paramiko.transport: Switch to new keys ...
DEB [20141201-18:24:08.046] thr=2   paramiko.transport: Adding ssh-rsa host key for 192.168.0.174: 90d8fa285d28306c6bccff55028afb60
DEB [20141201-18:24:08.092] thr=2   paramiko.transport: Trying discovered key 8418791280e1914400c26255d9fce828 in C:\Documents and Settings\yanjiajia/.ssh/id_rsa
DEB [20141201-18:24:08.092] thr=1   paramiko.transport: userauth is OK
INF [20141201-18:24:08.328] thr=1   paramiko.transport: Authentication (publickey) failed.
DEB [20141201-18:24:08.342] thr=1   paramiko.transport: userauth is OK
INF [20141201-18:24:08.375] thr=1   paramiko.transport: Authentication (password) successful!
DEB [20141201-18:24:08.405] thr=2   paramiko.transport: [chan 1] Max packet in: 34816 bytes
DEB [20141201-18:24:08.530] thr=1   paramiko.transport: [chan 1] Max packet out: 32768 bytes
INF [20141201-18:24:08.530] thr=1   paramiko.transport: Secsh channel 1 opened.
DEB [20141201-18:24:08.530] thr=1   paramiko.transport: [chan 1] Sesch channel 1 request ok
DEB [20141201-18:24:08.608] thr=1   paramiko.transport: [chan 1] EOF received (1)
DEB [20141201-18:24:08.608] thr=3   paramiko.transport: starting thread (client mode): 0x132d570L
INF [20141201-18:24:08.625] thr=3   paramiko.transport: Connected (version 2.0, client OpenSSH_5.3)
DEB [20141201-18:24:08.625] thr=3   paramiko.transport: kex algos:[u'diffie-hellman-group-exchange-sha256', u'diffie-hellman-group-exchange-sha1', u'diffie-hellman-group14-sha1', u'diffie-hellman-group1-sha1'] server key:[u'ssh-rsa', u'ssh-dss'] client encrypt:[u'aes128-ctr', u'aes192-ctr', u'aes256-ctr', u'arcfour256', u'arcfour128', u'aes128-cbc', u'3des-cbc', u'blowfish-cbc', u'cast128-cbc', u'aes192-cbc', u'aes256-cbc', u'arcfour', u'rijndael-cbc@lysator.liu.se'] server encrypt:[u'aes128-ctr', u'aes192-ctr', u'aes256-ctr', u'arcfour256', u'arcfour128', u'aes128-cbc', u'3des-cbc', u'blowfish-cbc', u'cast128-cbc', u'aes192-cbc', u'aes256-cbc', u'arcfour', u'rijndael-cbc@lysator.liu.se'] client mac:[u'hmac-md5', u'hmac-sha1', u'umac-64@openssh.com', u'hmac-ripemd160', u'hmac-ripemd160@openssh.com', u'hmac-sha1-96', u'hmac-md5-96'] server mac:[u'hmac-md5', u'hmac-sha1', u'umac-64@openssh.com', u'hmac-ripemd160', u'hmac-ripemd160@openssh.com', u'hmac-sha1-96', u'hmac-md5-96'] client compress:[u'none', u'zlib@openssh.com'] server compress:[u'none', u'zlib@openssh.com'] client lang:[u''] server lang:[u''] kex follows?False
DEB [20141201-18:24:08.625] thr=3   paramiko.transport: Ciphers agreed: local=aes128-ctr, remote=aes128-ctr
DEB [20141201-18:24:08.625] thr=3   paramiko.transport: using kex diffie-hellman-group1-sha1; server key type ssh-rsa; cipher: local aes128-ctr, remote aes128-ctr; mac: local hmac-sha1, remote hmac-sha1; compression: local none, remote none
DEB [20141201-18:24:08.671] thr=3   paramiko.transport: Switch to new keys ...
DEB [20141201-18:24:08.717] thr=2   paramiko.transport: Adding ssh-rsa host key for 192.168.0.174: 90d8fa285d28306c6bccff55028afb60
DEB [20141201-18:24:08.717] thr=2   paramiko.transport: Trying discovered key 8418791280e1914400c26255d9fce828 in C:\Documents and Settings\yanjiajia/.ssh/id_rsa
DEB [20141201-18:24:08.717] thr=3   paramiko.transport: userauth is OK
INF [20141201-18:24:08.983] thr=3   paramiko.transport: Authentication (publickey) failed.
DEB [20141201-18:24:08.983] thr=3   paramiko.transport: userauth is OK
INF [20141201-18:24:09.030] thr=3   paramiko.transport: Authentication (password) successful!
DEB [20141201-18:24:09.030] thr=2   paramiko.transport: [chan 1] Max packet in: 34816 bytes
DEB [20141201-18:24:09.171] thr=3   paramiko.transport: [chan 1] Max packet out: 32768 bytes
INF [20141201-18:24:09.171] thr=3   paramiko.transport: Secsh channel 1 opened.
DEB [20141201-18:24:09.203] thr=3   paramiko.transport: [chan 1] Sesch channel 1 request ok
DEB [20141201-18:24:09.530] thr=3   paramiko.transport: [chan 1] EOF received (1)
DEB [20141201-18:24:09.530] thr=4   paramiko.transport: starting thread (client mode): 0x132d4d0L
INF [20141201-18:24:09.562] thr=4   paramiko.transport: Connected (version 2.0, client OpenSSH_5.3)
DEB [20141201-18:24:09.562] thr=4   paramiko.transport: kex algos:[u'diffie-hellman-group-exchange-sha256', u'diffie-hellman-group-exchange-sha1', u'diffie-hellman-group14-sha1', u'diffie-hellman-group1-sha1'] server key:[u'ssh-rsa', u'ssh-dss'] client encrypt:[u'aes128-ctr', u'aes192-ctr', u'aes256-ctr', u'arcfour256', u'arcfour128', u'aes128-cbc', u'3des-cbc', u'blowfish-cbc', u'cast128-cbc', u'aes192-cbc', u'aes256-cbc', u'arcfour', u'rijndael-cbc@lysator.liu.se'] server encrypt:[u'aes128-ctr', u'aes192-ctr', u'aes256-ctr', u'arcfour256', u'arcfour128', u'aes128-cbc', u'3des-cbc', u'blowfish-cbc', u'cast128-cbc', u'aes192-cbc', u'aes256-cbc', u'arcfour', u'rijndael-cbc@lysator.liu.se'] client mac:[u'hmac-md5', u'hmac-sha1', u'umac-64@openssh.com', u'hmac-ripemd160', u'hmac-ripemd160@openssh.com', u'hmac-sha1-96', u'hmac-md5-96'] server mac:[u'hmac-md5', u'hmac-sha1', u'umac-64@openssh.com', u'hmac-ripemd160', u'hmac-ripemd160@openssh.com', u'hmac-sha1-96', u'hmac-md5-96'] client compress:[u'none', u'zlib@openssh.com'] server compress:[u'none', u'zlib@openssh.com'] client lang:[u''] server lang:[u''] kex follows?False
DEB [20141201-18:24:09.562] thr=4   paramiko.transport: Ciphers agreed: local=aes128-ctr, remote=aes128-ctr
DEB [20141201-18:24:09.562] thr=4   paramiko.transport: using kex diffie-hellman-group1-sha1; server key type ssh-rsa; cipher: local aes128-ctr, remote aes128-ctr; mac: local hmac-sha1, remote hmac-sha1; compression: local none, remote none
DEB [20141201-18:24:09.625] thr=4   paramiko.transport: Switch to new keys ...
DEB [20141201-18:24:09.625] thr=2   paramiko.transport: Adding ssh-rsa host key for 192.168.0.174: 90d8fa285d28306c6bccff55028afb60
DEB [20141201-18:24:09.625] thr=2   paramiko.transport: Trying discovered key 8418791280e1914400c26255d9fce828 in C:\Documents and Settings\yanjiajia/.ssh/id_rsa
DEB [20141201-18:24:09.671] thr=4   paramiko.transport: userauth is OK
INF [20141201-18:24:09.890] thr=4   paramiko.transport: Authentication (publickey) failed.
DEB [20141201-18:24:09.890] thr=4   paramiko.transport: userauth is OK
INF [20141201-18:24:09.921] thr=4   paramiko.transport: Authentication (password) successful!
DEB [20141201-18:24:09.921] thr=2   paramiko.transport: [chan 1] Max packet in: 34816 bytes
DEB [20141201-18:24:10.078] thr=4   paramiko.transport: [chan 1] Max packet out: 32768 bytes
INF [20141201-18:24:10.078] thr=4   paramiko.transport: Secsh channel 1 opened.
DEB [20141201-18:24:10.092] thr=4   paramiko.transport: [chan 1] Sesch channel 1 request ok
DEB [20141201-18:24:10.250] thr=4   paramiko.transport: [chan 1] EOF received (1)
DEB [20141201-18:24:20.312] thr=5   paramiko.transport: starting thread (client mode): 0x132d550L
INF [20141201-18:24:20.328] thr=5   paramiko.transport: Connected (version 2.0, client OpenSSH_5.3)
DEB [20141201-18:24:20.328] thr=5   paramiko.transport: kex algos:[u'diffie-hellman-group-exchange-sha256', u'diffie-hellman-group-exchange-sha1', u'diffie-hellman-group14-sha1', u'diffie-hellman-group1-sha1'] server key:[u'ssh-rsa', u'ssh-dss'] client encrypt:[u'aes128-ctr', u'aes192-ctr', u'aes256-ctr', u'arcfour256', u'arcfour128', u'aes128-cbc', u'3des-cbc', u'blowfish-cbc', u'cast128-cbc', u'aes192-cbc', u'aes256-cbc', u'arcfour', u'rijndael-cbc@lysator.liu.se'] server encrypt:[u'aes128-ctr', u'aes192-ctr', u'aes256-ctr', u'arcfour256', u'arcfour128', u'aes128-cbc', u'3des-cbc', u'blowfish-cbc', u'cast128-cbc', u'aes192-cbc', u'aes256-cbc', u'arcfour', u'rijndael-cbc@lysator.liu.se'] client mac:[u'hmac-md5', u'hmac-sha1', u'umac-64@openssh.com', u'hmac-ripemd160', u'hmac-ripemd160@openssh.com', u'hmac-sha1-96', u'hmac-md5-96'] server mac:[u'hmac-md5', u'hmac-sha1', u'umac-64@openssh.com', u'hmac-ripemd160', u'hmac-ripemd160@openssh.com', u'hmac-sha1-96', u'hmac-md5-96'] client compress:[u'none', u'zlib@openssh.com'] server compress:[u'none', u'zlib@openssh.com'] client lang:[u''] server lang:[u''] kex follows?False
DEB [20141201-18:24:20.328] thr=5   paramiko.transport: Ciphers agreed: local=aes128-ctr, remote=aes128-ctr
DEB [20141201-18:24:20.328] thr=5   paramiko.transport: using kex diffie-hellman-group1-sha1; server key type ssh-rsa; cipher: local aes128-ctr, remote aes128-ctr; mac: local hmac-sha1, remote hmac-sha1; compression: local none, remote none
DEB [20141201-18:24:20.390] thr=5   paramiko.transport: Switch to new keys ...
DEB [20141201-18:24:20.421] thr=2   paramiko.transport: Adding ssh-rsa host key for 192.168.0.174: 90d8fa285d28306c6bccff55028afb60
DEB [20141201-18:24:20.421] thr=2   paramiko.transport: Trying discovered key 8418791280e1914400c26255d9fce828 in C:\Documents and Settings\yanjiajia/.ssh/id_rsa
DEB [20141201-18:24:20.437] thr=5   paramiko.transport: userauth is OK
INF [20141201-18:24:20.655] thr=5   paramiko.transport: Authentication (publickey) failed.
DEB [20141201-18:24:20.655] thr=5   paramiko.transport: userauth is OK
INF [20141201-18:24:20.687] thr=5   paramiko.transport: Authentication (password) successful!
DEB [20141201-18:24:20.717] thr=2   paramiko.transport: [chan 1] Max packet in: 34816 bytes
DEB [20141201-18:24:20.858] thr=5   paramiko.transport: [chan 1] Max packet out: 32768 bytes
INF [20141201-18:24:20.858] thr=5   paramiko.transport: Secsh channel 1 opened.
DEB [20141201-18:24:20.890] thr=5   paramiko.transport: [chan 1] Sesch channel 1 request ok
DEB [20141201-18:24:20.921] thr=5   paramiko.transport: [chan 1] EOF received (1)
DEB [20141201-18:24:20.921] thr=6   paramiko.transport: starting thread (client mode): 0x132d510L
INF [20141201-18:24:20.937] thr=6   paramiko.transport: Connected (version 2.0, client OpenSSH_5.3)
DEB [20141201-18:24:20.953] thr=6   paramiko.transport: kex algos:[u'diffie-hellman-group-exchange-sha256', u'diffie-hellman-group-exchange-sha1', u'diffie-hellman-group14-sha1', u'diffie-hellman-group1-sha1'] server key:[u'ssh-rsa', u'ssh-dss'] client encrypt:[u'aes128-ctr', u'aes192-ctr', u'aes256-ctr', u'arcfour256', u'arcfour128', u'aes128-cbc', u'3des-cbc', u'blowfish-cbc', u'cast128-cbc', u'aes192-cbc', u'aes256-cbc', u'arcfour', u'rijndael-cbc@lysator.liu.se'] server encrypt:[u'aes128-ctr', u'aes192-ctr', u'aes256-ctr', u'arcfour256', u'arcfour128', u'aes128-cbc', u'3des-cbc', u'blowfish-cbc', u'cast128-cbc', u'aes192-cbc', u'aes256-cbc', u'arcfour', u'rijndael-cbc@lysator.liu.se'] client mac:[u'hmac-md5', u'hmac-sha1', u'umac-64@openssh.com', u'hmac-ripemd160', u'hmac-ripemd160@openssh.com', u'hmac-sha1-96', u'hmac-md5-96'] server mac:[u'hmac-md5', u'hmac-sha1', u'umac-64@openssh.com', u'hmac-ripemd160', u'hmac-ripemd160@openssh.com', u'hmac-sha1-96', u'hmac-md5-96'] client compress:[u'none', u'zlib@openssh.com'] server compress:[u'none', u'zlib@openssh.com'] client lang:[u''] server lang:[u''] kex follows?False
DEB [20141201-18:24:20.953] thr=6   paramiko.transport: Ciphers agreed: local=aes128-ctr, remote=aes128-ctr
DEB [20141201-18:24:20.953] thr=6   paramiko.transport: using kex diffie-hellman-group1-sha1; server key type ssh-rsa; cipher: local aes128-ctr, remote aes128-ctr; mac: local hmac-sha1, remote hmac-sha1; compression: local none, remote none
DEB [20141201-18:24:21.015] thr=6   paramiko.transport: Switch to new keys ...
DEB [20141201-18:24:21.015] thr=2   paramiko.transport: Adding ssh-rsa host key for 192.168.0.174: 90d8fa285d28306c6bccff55028afb60
DEB [20141201-18:24:21.015] thr=2   paramiko.transport: Trying discovered key 8418791280e1914400c26255d9fce828 in C:\Documents and Settings\yanjiajia/.ssh/id_rsa
DEB [20141201-18:24:21.062] thr=6   paramiko.transport: userauth is OK
INF [20141201-18:24:26.312] thr=6   paramiko.transport: Authentication (publickey) failed.
DEB [20141201-18:24:26.312] thr=6   paramiko.transport: userauth is OK
INF [20141201-18:24:26.342] thr=6   paramiko.transport: Authentication (password) successful!
DEB [20141201-18:24:26.342] thr=2   paramiko.transport: [chan 1] Max packet in: 34816 bytes
DEB [20141201-18:24:26.530] thr=6   paramiko.transport: [chan 1] Max packet out: 32768 bytes
INF [20141201-18:24:26.530] thr=6   paramiko.transport: Secsh channel 1 opened.
DEB [20141201-18:24:26.562] thr=6   paramiko.transport: [chan 1] Sesch channel 1 request ok
DEB [20141201-18:24:26.655] thr=6   paramiko.transport: [chan 1] EOF received (1)
DEB [20141201-18:24:26.671] thr=7   paramiko.transport: starting thread (client mode): 0x132d6b0L
INF [20141201-18:24:26.687] thr=7   paramiko.transport: Connected (version 2.0, client OpenSSH_5.3)
DEB [20141201-18:24:26.687] thr=7   paramiko.transport: kex algos:[u'diffie-hellman-group-exchange-sha256', u'diffie-hellman-group-exchange-sha1', u'diffie-hellman-group14-sha1', u'diffie-hellman-group1-sha1'] server key:[u'ssh-rsa', u'ssh-dss'] client encrypt:[u'aes128-ctr', u'aes192-ctr', u'aes256-ctr', u'arcfour256', u'arcfour128', u'aes128-cbc', u'3des-cbc', u'blowfish-cbc', u'cast128-cbc', u'aes192-cbc', u'aes256-cbc', u'arcfour', u'rijndael-cbc@lysator.liu.se'] server encrypt:[u'aes128-ctr', u'aes192-ctr', u'aes256-ctr', u'arcfour256', u'arcfour128', u'aes128-cbc', u'3des-cbc', u'blowfish-cbc', u'cast128-cbc', u'aes192-cbc', u'aes256-cbc', u'arcfour', u'rijndael-cbc@lysator.liu.se'] client mac:[u'hmac-md5', u'hmac-sha1', u'umac-64@openssh.com', u'hmac-ripemd160', u'hmac-ripemd160@openssh.com', u'hmac-sha1-96', u'hmac-md5-96'] server mac:[u'hmac-md5', u'hmac-sha1', u'umac-64@openssh.com', u'hmac-ripemd160', u'hmac-ripemd160@openssh.com', u'hmac-sha1-96', u'hmac-md5-96'] client compress:[u'none', u'zlib@openssh.com'] server compress:[u'none', u'zlib@openssh.com'] client lang:[u''] server lang:[u''] kex follows?False
DEB [20141201-18:24:26.687] thr=7   paramiko.transport: Ciphers agreed: local=aes128-ctr, remote=aes128-ctr
DEB [20141201-18:24:26.687] thr=7   paramiko.transport: using kex diffie-hellman-group1-sha1; server key type ssh-rsa; cipher: local aes128-ctr, remote aes128-ctr; mac: local hmac-sha1, remote hmac-sha1; compression: local none, remote none
DEB [20141201-18:24:26.750] thr=7   paramiko.transport: Switch to new keys ...
DEB [20141201-18:24:26.780] thr=2   paramiko.transport: Adding ssh-rsa host key for 192.168.0.174: 90d8fa285d28306c6bccff55028afb60
DEB [20141201-18:24:26.780] thr=2   paramiko.transport: Trying discovered key 8418791280e1914400c26255d9fce828 in C:\Documents and Settings\yanjiajia/.ssh/id_rsa
DEB [20141201-18:24:26.796] thr=7   paramiko.transport: userauth is OK
INF [20141201-18:24:27.015] thr=7   paramiko.transport: Authentication (publickey) failed.
DEB [20141201-18:24:27.030] thr=7   paramiko.transport: userauth is OK
INF [20141201-18:24:27.046] thr=7   paramiko.transport: Authentication (password) successful!
DEB [20141201-18:24:27.062] thr=2   paramiko.transport: [chan 1] Max packet in: 34816 bytes
DEB [20141201-18:24:27.217] thr=7   paramiko.transport: [chan 1] Max packet out: 32768 bytes
INF [20141201-18:24:27.217] thr=7   paramiko.transport: Secsh channel 1 opened.
DEB [20141201-18:24:27.233] thr=7   paramiko.transport: [chan 1] Sesch channel 1 request ok
DEB [20141201-18:24:27.405] thr=7   paramiko.transport: [chan 1] EOF received (1)
DEB [20141201-18:24:37.421] thr=8   paramiko.transport: starting thread (client mode): 0x132d5d0L
INF [20141201-18:24:37.437] thr=8   paramiko.transport: Connected (version 2.0, client OpenSSH_5.3)
DEB [20141201-18:24:37.437] thr=8   paramiko.transport: kex algos:[u'diffie-hellman-group-exchange-sha256', u'diffie-hellman-group-exchange-sha1', u'diffie-hellman-group14-sha1', u'diffie-hellman-group1-sha1'] server key:[u'ssh-rsa', u'ssh-dss'] client encrypt:[u'aes128-ctr', u'aes192-ctr', u'aes256-ctr', u'arcfour256', u'arcfour128', u'aes128-cbc', u'3des-cbc', u'blowfish-cbc', u'cast128-cbc', u'aes192-cbc', u'aes256-cbc', u'arcfour', u'rijndael-cbc@lysator.liu.se'] server encrypt:[u'aes128-ctr', u'aes192-ctr', u'aes256-ctr', u'arcfour256', u'arcfour128', u'aes128-cbc', u'3des-cbc', u'blowfish-cbc', u'cast128-cbc', u'aes192-cbc', u'aes256-cbc', u'arcfour', u'rijndael-cbc@lysator.liu.se'] client mac:[u'hmac-md5', u'hmac-sha1', u'umac-64@openssh.com', u'hmac-ripemd160', u'hmac-ripemd160@openssh.com', u'hmac-sha1-96', u'hmac-md5-96'] server mac:[u'hmac-md5', u'hmac-sha1', u'umac-64@openssh.com', u'hmac-ripemd160', u'hmac-ripemd160@openssh.com', u'hmac-sha1-96', u'hmac-md5-96'] client compress:[u'none', u'zlib@openssh.com'] server compress:[u'none', u'zlib@openssh.com'] client lang:[u''] server lang:[u''] kex follows?False
DEB [20141201-18:24:37.437] thr=8   paramiko.transport: Ciphers agreed: local=aes128-ctr, remote=aes128-ctr
DEB [20141201-18:24:37.437] thr=8   paramiko.transport: using kex diffie-hellman-group1-sha1; server key type ssh-rsa; cipher: local aes128-ctr, remote aes128-ctr; mac: local hmac-sha1, remote hmac-sha1; compression: local none, remote none
DEB [20141201-18:24:37.515] thr=8   paramiko.transport: Switch to new keys ...
DEB [20141201-18:24:37.515] thr=2   paramiko.transport: Adding ssh-rsa host key for 192.168.0.174: 90d8fa285d28306c6bccff55028afb60
DEB [20141201-18:24:37.515] thr=2   paramiko.transport: Trying discovered key 8418791280e1914400c26255d9fce828 in C:\Documents and Settings\yanjiajia/.ssh/id_rsa
DEB [20141201-18:24:37.546] thr=8   paramiko.transport: userauth is OK
INF [20141201-18:24:37.765] thr=8   paramiko.transport: Authentication (publickey) failed.
DEB [20141201-18:24:37.780] thr=8   paramiko.transport: userauth is OK
INF [20141201-18:24:37.812] thr=8   paramiko.transport: Authentication (password) successful!
DEB [20141201-18:24:37.812] thr=2   paramiko.transport: [chan 1] Max packet in: 34816 bytes
DEB [20141201-18:24:37.967] thr=8   paramiko.transport: [chan 1] Max packet out: 32768 bytes
INF [20141201-18:24:37.967] thr=8   paramiko.transport: Secsh channel 1 opened.
DEB [20141201-18:24:37.983] thr=8   paramiko.transport: [chan 1] Sesch channel 1 request ok
DEB [20141201-18:24:38.046] thr=8   paramiko.transport: [chan 1] EOF received (1)
DEB [20141201-18:24:38.062] thr=9   paramiko.transport: starting thread (client mode): 0x132d7b0L
INF [20141201-18:24:38.078] thr=9   paramiko.transport: Connected (version 2.0, client OpenSSH_5.3)
DEB [20141201-18:24:38.078] thr=9   paramiko.transport: kex algos:[u'diffie-hellman-group-exchange-sha256', u'diffie-hellman-group-exchange-sha1', u'diffie-hellman-group14-sha1', u'diffie-hellman-group1-sha1'] server key:[u'ssh-rsa', u'ssh-dss'] client encrypt:[u'aes128-ctr', u'aes192-ctr', u'aes256-ctr', u'arcfour256', u'arcfour128', u'aes128-cbc', u'3des-cbc', u'blowfish-cbc', u'cast128-cbc', u'aes192-cbc', u'aes256-cbc', u'arcfour', u'rijndael-cbc@lysator.liu.se'] server encrypt:[u'aes128-ctr', u'aes192-ctr', u'aes256-ctr', u'arcfour256', u'arcfour128', u'aes128-cbc', u'3des-cbc', u'blowfish-cbc', u'cast128-cbc', u'aes192-cbc', u'aes256-cbc', u'arcfour', u'rijndael-cbc@lysator.liu.se'] client mac:[u'hmac-md5', u'hmac-sha1', u'umac-64@openssh.com', u'hmac-ripemd160', u'hmac-ripemd160@openssh.com', u'hmac-sha1-96', u'hmac-md5-96'] server mac:[u'hmac-md5', u'hmac-sha1', u'umac-64@openssh.com', u'hmac-ripemd160', u'hmac-ripemd160@openssh.com', u'hmac-sha1-96', u'hmac-md5-96'] client compress:[u'none', u'zlib@openssh.com'] server compress:[u'none', u'zlib@openssh.com'] client lang:[u''] server lang:[u''] kex follows?False
DEB [20141201-18:24:38.078] thr=9   paramiko.transport: Ciphers agreed: local=aes128-ctr, remote=aes128-ctr
DEB [20141201-18:24:38.078] thr=9   paramiko.transport: using kex diffie-hellman-group1-sha1; server key type ssh-rsa; cipher: local aes128-ctr, remote aes128-ctr; mac: local hmac-sha1, remote hmac-sha1; compression: local none, remote none
DEB [20141201-18:24:38.155] thr=9   paramiko.transport: Switch to new keys ...
DEB [20141201-18:24:38.171] thr=2   paramiko.transport: Adding ssh-rsa host key for 192.168.0.174: 90d8fa285d28306c6bccff55028afb60
DEB [20141201-18:24:38.171] thr=2   paramiko.transport: Trying discovered key 8418791280e1914400c26255d9fce828 in C:\Documents and Settings\yanjiajia/.ssh/id_rsa
DEB [20141201-18:24:38.187] thr=9   paramiko.transport: userauth is OK
INF [20141201-18:24:38.437] thr=9   paramiko.transport: Authentication (publickey) failed.
DEB [20141201-18:24:38.453] thr=9   paramiko.transport: userauth is OK
INF [20141201-18:24:38.483] thr=9   paramiko.transport: Authentication (password) successful!
DEB [20141201-18:24:38.500] thr=2   paramiko.transport: [chan 1] Max packet in: 34816 bytes
DEB [20141201-18:24:38.640] thr=9   paramiko.transport: [chan 1] Max packet out: 32768 bytes
INF [20141201-18:24:38.640] thr=9   paramiko.transport: Secsh channel 1 opened.
DEB [20141201-18:24:38.655] thr=9   paramiko.transport: [chan 1] Sesch channel 1 request ok
DEB [20141201-18:24:38.780] thr=9   paramiko.transport: [chan 1] EOF received (1)
DEB [20141201-18:24:38.796] thr=10  paramiko.transport: starting thread (client mode): 0x132d630L
INF [20141201-18:24:38.812] thr=10  paramiko.transport: Connected (version 2.0, client OpenSSH_5.3)
DEB [20141201-18:24:38.812] thr=10  paramiko.transport: kex algos:[u'diffie-hellman-group-exchange-sha256', u'diffie-hellman-group-exchange-sha1', u'diffie-hellman-group14-sha1', u'diffie-hellman-group1-sha1'] server key:[u'ssh-rsa', u'ssh-dss'] client encrypt:[u'aes128-ctr', u'aes192-ctr', u'aes256-ctr', u'arcfour256', u'arcfour128', u'aes128-cbc', u'3des-cbc', u'blowfish-cbc', u'cast128-cbc', u'aes192-cbc', u'aes256-cbc', u'arcfour', u'rijndael-cbc@lysator.liu.se'] server encrypt:[u'aes128-ctr', u'aes192-ctr', u'aes256-ctr', u'arcfour256', u'arcfour128', u'aes128-cbc', u'3des-cbc', u'blowfish-cbc', u'cast128-cbc', u'aes192-cbc', u'aes256-cbc', u'arcfour', u'rijndael-cbc@lysator.liu.se'] client mac:[u'hmac-md5', u'hmac-sha1', u'umac-64@openssh.com', u'hmac-ripemd160', u'hmac-ripemd160@openssh.com', u'hmac-sha1-96', u'hmac-md5-96'] server mac:[u'hmac-md5', u'hmac-sha1', u'umac-64@openssh.com', u'hmac-ripemd160', u'hmac-ripemd160@openssh.com', u'hmac-sha1-96', u'hmac-md5-96'] client compress:[u'none', u'zlib@openssh.com'] server compress:[u'none', u'zlib@openssh.com'] client lang:[u''] server lang:[u''] kex follows?False
DEB [20141201-18:24:38.812] thr=10  paramiko.transport: Ciphers agreed: local=aes128-ctr, remote=aes128-ctr
DEB [20141201-18:24:38.812] thr=10  paramiko.transport: using kex diffie-hellman-group1-sha1; server key type ssh-rsa; cipher: local aes128-ctr, remote aes128-ctr; mac: local hmac-sha1, remote hmac-sha1; compression: local none, remote none
DEB [20141201-18:24:38.890] thr=10  paramiko.transport: Switch to new keys ...
DEB [20141201-18:24:38.905] thr=2   paramiko.transport: Adding ssh-rsa host key for 192.168.0.174: 90d8fa285d28306c6bccff55028afb60
DEB [20141201-18:24:38.905] thr=2   paramiko.transport: Trying discovered key 8418791280e1914400c26255d9fce828 in C:\Documents and Settings\yanjiajia/.ssh/id_rsa
DEB [20141201-18:24:38.921] thr=10  paramiko.transport: userauth is OK
INF [20141201-18:24:39.155] thr=10  paramiko.transport: Authentication (publickey) failed.
DEB [20141201-18:24:39.171] thr=10  paramiko.transport: userauth is OK
INF [20141201-18:24:39.217] thr=10  paramiko.transport: Authentication (password) successful!
DEB [20141201-18:24:39.217] thr=2   paramiko.transport: [chan 1] Max packet in: 34816 bytes
DEB [20141201-18:24:39.375] thr=10  paramiko.transport: [chan 1] Max packet out: 32768 bytes
INF [20141201-18:24:39.375] thr=10  paramiko.transport: Secsh channel 1 opened.
DEB [20141201-18:24:39.405] thr=10  paramiko.transport: [chan 1] Sesch channel 1 request ok
DEB [20141201-18:24:39.578] thr=10  paramiko.transport: [chan 1] EOF received (1)
